{"C:\\Users\\parkj\\Documents\\School\\CPSC310\\Project\\cpsc310_team138\\src\\rest\\Server.js":{"path":"C:\\Users\\parkj\\Documents\\School\\CPSC310\\Project\\cpsc310_team138\\src\\rest\\Server.js","statementMap":{"0":{"start":{"line":2,"column":14},"end":{"line":2,"column":32}},"1":{"start":{"line":3,"column":13},"end":{"line":3,"column":31}},"2":{"start":{"line":4,"column":14},"end":{"line":73,"column":3}},"3":{"start":{"line":6,"column":8},"end":{"line":6,"column":62}},"4":{"start":{"line":7,"column":8},"end":{"line":7,"column":25}},"5":{"start":{"line":9,"column":4},"end":{"line":17,"column":6}},"6":{"start":{"line":10,"column":8},"end":{"line":10,"column":47}},"7":{"start":{"line":11,"column":19},"end":{"line":11,"column":23}},"8":{"start":{"line":12,"column":8},"end":{"line":16,"column":11}},"9":{"start":{"line":13,"column":12},"end":{"line":15,"column":15}},"10":{"start":{"line":14,"column":16},"end":{"line":14,"column":30}},"11":{"start":{"line":18,"column":4},"end":{"line":50,"column":6}},"12":{"start":{"line":19,"column":19},"end":{"line":19,"column":23}},"13":{"start":{"line":20,"column":8},"end":{"line":49,"column":11}},"14":{"start":{"line":21,"column":12},"end":{"line":48,"column":13}},"15":{"start":{"line":22,"column":16},"end":{"line":22,"column":63}},"16":{"start":{"line":23,"column":16},"end":{"line":25,"column":19}},"17":{"start":{"line":26,"column":16},"end":{"line":30,"column":19}},"18":{"start":{"line":27,"column":20},"end":{"line":27,"column":67}},"19":{"start":{"line":28,"column":20},"end":{"line":28,"column":83}},"20":{"start":{"line":29,"column":20},"end":{"line":29,"column":34}},"21":{"start":{"line":31,"column":16},"end":{"line":34,"column":19}},"22":{"start":{"line":32,"column":20},"end":{"line":32,"column":34}},"23":{"start":{"line":33,"column":20},"end":{"line":33,"column":34}},"24":{"start":{"line":35,"column":16},"end":{"line":35,"column":57}},"25":{"start":{"line":36,"column":16},"end":{"line":39,"column":19}},"26":{"start":{"line":37,"column":20},"end":{"line":37,"column":97}},"27":{"start":{"line":38,"column":20},"end":{"line":38,"column":34}},"28":{"start":{"line":40,"column":16},"end":{"line":43,"column":19}},"29":{"start":{"line":41,"column":20},"end":{"line":41,"column":83}},"30":{"start":{"line":42,"column":20},"end":{"line":42,"column":32}},"31":{"start":{"line":46,"column":16},"end":{"line":46,"column":72}},"32":{"start":{"line":47,"column":16},"end":{"line":47,"column":28}},"33":{"start":{"line":51,"column":4},"end":{"line":63,"column":6}},"34":{"start":{"line":52,"column":8},"end":{"line":52,"column":89}},"35":{"start":{"line":53,"column":8},"end":{"line":61,"column":9}},"36":{"start":{"line":54,"column":25},"end":{"line":54,"column":59}},"37":{"start":{"line":55,"column":12},"end":{"line":55,"column":80}},"38":{"start":{"line":56,"column":12},"end":{"line":56,"column":47}},"39":{"start":{"line":59,"column":12},"end":{"line":59,"column":70}},"40":{"start":{"line":60,"column":12},"end":{"line":60,"column":50}},"41":{"start":{"line":62,"column":8},"end":{"line":62,"column":22}},"42":{"start":{"line":64,"column":4},"end":{"line":71,"column":6}},"43":{"start":{"line":65,"column":8},"end":{"line":70,"column":9}},"44":{"start":{"line":66,"column":12},"end":{"line":66,"column":71}},"45":{"start":{"line":69,"column":12},"end":{"line":69,"column":74}},"46":{"start":{"line":72,"column":4},"end":{"line":72,"column":18}},"47":{"start":{"line":74,"column":0},"end":{"line":74,"column":62}},"48":{"start":{"line":75,"column":0},"end":{"line":75,"column":25}}},"fnMap":{"0":{"name":"(anonymous_0)","decl":{"start":{"line":4,"column":14},"end":{"line":4,"column":15}},"loc":{"start":{"line":4,"column":26},"end":{"line":73,"column":1}}},"1":{"name":"Server","decl":{"start":{"line":5,"column":13},"end":{"line":5,"column":19}},"loc":{"start":{"line":5,"column":26},"end":{"line":8,"column":5}}},"2":{"name":"(anonymous_2)","decl":{"start":{"line":9,"column":28},"end":{"line":9,"column":29}},"loc":{"start":{"line":9,"column":40},"end":{"line":17,"column":5}}},"3":{"name":"(anonymous_3)","decl":{"start":{"line":12,"column":27},"end":{"line":12,"column":28}},"loc":{"start":{"line":12,"column":46},"end":{"line":16,"column":9}}},"4":{"name":"(anonymous_4)","decl":{"start":{"line":13,"column":28},"end":{"line":13,"column":29}},"loc":{"start":{"line":13,"column":40},"end":{"line":15,"column":13}}},"5":{"name":"(anonymous_5)","decl":{"start":{"line":18,"column":29},"end":{"line":18,"column":30}},"loc":{"start":{"line":18,"column":41},"end":{"line":50,"column":5}}},"6":{"name":"(anonymous_6)","decl":{"start":{"line":20,"column":27},"end":{"line":20,"column":28}},"loc":{"start":{"line":20,"column":54},"end":{"line":49,"column":9}}},"7":{"name":"crossOrigin","decl":{"start":{"line":26,"column":39},"end":{"line":26,"column":50}},"loc":{"start":{"line":26,"column":67},"end":{"line":30,"column":17}}},"8":{"name":"(anonymous_8)","decl":{"start":{"line":31,"column":35},"end":{"line":31,"column":36}},"loc":{"start":{"line":31,"column":61},"end":{"line":34,"column":17}}},"9":{"name":"(anonymous_9)","decl":{"start":{"line":36,"column":44},"end":{"line":36,"column":45}},"loc":{"start":{"line":36,"column":56},"end":{"line":39,"column":17}}},"10":{"name":"(anonymous_10)","decl":{"start":{"line":40,"column":38},"end":{"line":40,"column":39}},"loc":{"start":{"line":40,"column":53},"end":{"line":43,"column":17}}},"11":{"name":"(anonymous_11)","decl":{"start":{"line":51,"column":18},"end":{"line":51,"column":19}},"loc":{"start":{"line":51,"column":44},"end":{"line":63,"column":5}}},"12":{"name":"(anonymous_12)","decl":{"start":{"line":64,"column":25},"end":{"line":64,"column":26}},"loc":{"start":{"line":64,"column":40},"end":{"line":71,"column":5}}}},"branchMap":{"0":{"loc":{"start":{"line":65,"column":8},"end":{"line":70,"column":9}},"type":"if","locations":[{"start":{"line":65,"column":8},"end":{"line":70,"column":9}},{"start":{"line":65,"column":8},"end":{"line":70,"column":9}}]},"1":{"loc":{"start":{"line":65,"column":12},"end":{"line":65,"column":54}},"type":"binary-expr","locations":[{"start":{"line":65,"column":12},"end":{"line":65,"column":38}},{"start":{"line":65,"column":42},"end":{"line":65,"column":54}}]}},"s":{"0":1,"1":1,"2":1,"3":1,"4":1,"5":1,"6":1,"7":1,"8":1,"9":1,"10":1,"11":1,"12":2,"13":2,"14":2,"15":2,"16":2,"17":2,"18":2,"19":2,"20":2,"21":2,"22":1,"23":1,"24":2,"25":2,"26":1,"27":1,"28":2,"29":1,"30":1,"31":0,"32":0,"33":1,"34":2,"35":2,"36":2,"37":1,"38":1,"39":1,"40":1,"41":1,"42":1,"43":5,"44":3,"45":2,"46":1,"47":1,"48":1},"f":{"0":1,"1":1,"2":1,"3":1,"4":1,"5":2,"6":2,"7":2,"8":1,"9":1,"10":1,"11":2,"12":5},"b":{"0":[3,2],"1":[5,4]},"_coverageSchema":"332fd63041d2c1bcb487cc26dd0d5f7d97098a6c","hash":"7bec412600f9eed863550f7969ae03c76d5c15f7","contentHash":"4ce1c26ce3e4f4fa069678e58ad53dc0_10.1.2"},"C:\\Users\\parkj\\Documents\\School\\CPSC310\\Project\\cpsc310_team138\\src\\Util.js":{"path":"C:\\Users\\parkj\\Documents\\School\\CPSC310\\Project\\cpsc310_team138\\src\\Util.js","statementMap":{"0":{"start":{"line":2,"column":11},"end":{"line":21,"column":3}},"1":{"start":{"line":5,"column":4},"end":{"line":7,"column":6}},"2":{"start":{"line":6,"column":8},"end":{"line":6,"column":71}},"3":{"start":{"line":8,"column":4},"end":{"line":10,"column":6}},"4":{"start":{"line":9,"column":8},"end":{"line":9,"column":71}},"5":{"start":{"line":11,"column":4},"end":{"line":13,"column":6}},"6":{"start":{"line":12,"column":8},"end":{"line":12,"column":73}},"7":{"start":{"line":14,"column":4},"end":{"line":16,"column":6}},"8":{"start":{"line":15,"column":8},"end":{"line":15,"column":73}},"9":{"start":{"line":17,"column":4},"end":{"line":19,"column":6}},"10":{"start":{"line":18,"column":8},"end":{"line":18,"column":71}},"11":{"start":{"line":20,"column":4},"end":{"line":20,"column":15}},"12":{"start":{"line":22,"column":0},"end":{"line":22,"column":62}},"13":{"start":{"line":23,"column":0},"end":{"line":23,"column":22}}},"fnMap":{"0":{"name":"(anonymous_0)","decl":{"start":{"line":2,"column":11},"end":{"line":2,"column":12}},"loc":{"start":{"line":2,"column":23},"end":{"line":21,"column":1}}},"1":{"name":"Log","decl":{"start":{"line":3,"column":13},"end":{"line":3,"column":16}},"loc":{"start":{"line":3,"column":19},"end":{"line":4,"column":5}}},"2":{"name":"(anonymous_2)","decl":{"start":{"line":5,"column":16},"end":{"line":5,"column":17}},"loc":{"start":{"line":5,"column":31},"end":{"line":7,"column":5}}},"3":{"name":"(anonymous_3)","decl":{"start":{"line":8,"column":15},"end":{"line":8,"column":16}},"loc":{"start":{"line":8,"column":30},"end":{"line":10,"column":5}}},"4":{"name":"(anonymous_4)","decl":{"start":{"line":11,"column":15},"end":{"line":11,"column":16}},"loc":{"start":{"line":11,"column":30},"end":{"line":13,"column":5}}},"5":{"name":"(anonymous_5)","decl":{"start":{"line":14,"column":16},"end":{"line":14,"column":17}},"loc":{"start":{"line":14,"column":31},"end":{"line":16,"column":5}}},"6":{"name":"(anonymous_6)","decl":{"start":{"line":17,"column":15},"end":{"line":17,"column":16}},"loc":{"start":{"line":17,"column":30},"end":{"line":19,"column":5}}}},"branchMap":{},"s":{"0":1,"1":1,"2":64,"3":1,"4":7,"5":1,"6":0,"7":1,"8":1,"9":1,"10":23,"11":1,"12":1,"13":1},"f":{"0":1,"1":0,"2":64,"3":7,"4":0,"5":1,"6":23},"b":{},"_coverageSchema":"332fd63041d2c1bcb487cc26dd0d5f7d97098a6c","hash":"fcbb9a741d0a831fbab2dc319e8b7336bca714c6","contentHash":"86f51e0c7098c79f7024348af487c342_10.1.2"},"C:\\Users\\parkj\\Documents\\School\\CPSC310\\Project\\cpsc310_team138\\src\\controller\\InsightFacade.js":{"path":"C:\\Users\\parkj\\Documents\\School\\CPSC310\\Project\\cpsc310_team138\\src\\controller\\InsightFacade.js","statementMap":{"0":{"start":{"line":2,"column":13},"end":{"line":2,"column":31}},"1":{"start":{"line":3,"column":17},"end":{"line":3,"column":45}},"2":{"start":{"line":4,"column":15},"end":{"line":4,"column":41}},"3":{"start":{"line":5,"column":14},"end":{"line":5,"column":37}},"4":{"start":{"line":6,"column":13},"end":{"line":6,"column":37}},"5":{"start":{"line":7,"column":19},"end":{"line":7,"column":50}},"6":{"start":{"line":8,"column":20},"end":{"line":8,"column":51}},"7":{"start":{"line":9,"column":12},"end":{"line":9,"column":28}},"8":{"start":{"line":10,"column":13},"end":{"line":10,"column":30}},"9":{"start":{"line":12,"column":21},"end":{"line":279,"column":3}},"10":{"start":{"line":14,"column":8},"end":{"line":14,"column":58}},"11":{"start":{"line":15,"column":8},"end":{"line":15,"column":50}},"12":{"start":{"line":16,"column":8},"end":{"line":20,"column":9}},"13":{"start":{"line":17,"column":12},"end":{"line":17,"column":54}},"14":{"start":{"line":22,"column":4},"end":{"line":150,"column":6}},"15":{"start":{"line":23,"column":19},"end":{"line":23,"column":23}},"16":{"start":{"line":24,"column":8},"end":{"line":149,"column":9}},"17":{"start":{"line":25,"column":12},"end":{"line":84,"column":15}},"18":{"start":{"line":26,"column":31},"end":{"line":26,"column":55}},"19":{"start":{"line":27,"column":30},"end":{"line":27,"column":39}},"20":{"start":{"line":28,"column":26},"end":{"line":28,"column":37}},"21":{"start":{"line":29,"column":16},"end":{"line":83,"column":19}},"22":{"start":{"line":30,"column":20},"end":{"line":77,"column":23}},"23":{"start":{"line":31,"column":39},"end":{"line":31,"column":57}},"24":{"start":{"line":32,"column":44},"end":{"line":32,"column":91}},"25":{"start":{"line":33,"column":56},"end":{"line":33,"column":120}},"26":{"start":{"line":34,"column":51},"end":{"line":34,"column":105}},"27":{"start":{"line":35,"column":40},"end":{"line":35,"column":42}},"28":{"start":{"line":36,"column":24},"end":{"line":39,"column":25}},"29":{"start":{"line":37,"column":39},"end":{"line":37,"column":70}},"30":{"start":{"line":38,"column":28},"end":{"line":38,"column":75}},"31":{"start":{"line":40,"column":24},"end":{"line":76,"column":27}},"32":{"start":{"line":41,"column":51},"end":{"line":41,"column":53}},"33":{"start":{"line":42,"column":28},"end":{"line":48,"column":29}},"34":{"start":{"line":43,"column":47},"end":{"line":43,"column":70}},"35":{"start":{"line":44,"column":48},"end":{"line":44,"column":102}},"36":{"start":{"line":45,"column":47},"end":{"line":45,"column":100}},"37":{"start":{"line":46,"column":46},"end":{"line":46,"column":98}},"38":{"start":{"line":47,"column":32},"end":{"line":47,"column":139}},"39":{"start":{"line":49,"column":28},"end":{"line":75,"column":31}},"40":{"start":{"line":50,"column":47},"end":{"line":50,"column":49}},"41":{"start":{"line":51,"column":32},"end":{"line":54,"column":33}},"42":{"start":{"line":52,"column":50},"end":{"line":52,"column":67}},"43":{"start":{"line":53,"column":36},"end":{"line":53,"column":72}},"44":{"start":{"line":55,"column":32},"end":{"line":55,"column":60}},"45":{"start":{"line":56,"column":32},"end":{"line":63,"column":33}},"46":{"start":{"line":57,"column":36},"end":{"line":57,"column":58}},"47":{"start":{"line":58,"column":36},"end":{"line":58,"column":112}},"48":{"start":{"line":61,"column":36},"end":{"line":61,"column":58}},"49":{"start":{"line":62,"column":36},"end":{"line":62,"column":105}},"50":{"start":{"line":64,"column":32},"end":{"line":64,"column":73}},"51":{"start":{"line":65,"column":32},"end":{"line":74,"column":33}},"52":{"start":{"line":66,"column":36},"end":{"line":66,"column":69}},"53":{"start":{"line":67,"column":36},"end":{"line":67,"column":54}},"54":{"start":{"line":70,"column":36},"end":{"line":70,"column":58}},"55":{"start":{"line":71,"column":36},"end":{"line":71,"column":95}},"56":{"start":{"line":72,"column":36},"end":{"line":72,"column":53}},"57":{"start":{"line":73,"column":36},"end":{"line":73,"column":43}},"58":{"start":{"line":79,"column":20},"end":{"line":79,"column":42}},"59":{"start":{"line":80,"column":20},"end":{"line":80,"column":79}},"60":{"start":{"line":81,"column":20},"end":{"line":81,"column":37}},"61":{"start":{"line":82,"column":20},"end":{"line":82,"column":27}},"62":{"start":{"line":86,"column":13},"end":{"line":149,"column":9}},"63":{"start":{"line":87,"column":12},"end":{"line":148,"column":15}},"64":{"start":{"line":88,"column":31},"end":{"line":88,"column":55}},"65":{"start":{"line":89,"column":30},"end":{"line":89,"column":39}},"66":{"start":{"line":90,"column":26},"end":{"line":90,"column":37}},"67":{"start":{"line":91,"column":16},"end":{"line":147,"column":19}},"68":{"start":{"line":92,"column":36},"end":{"line":92,"column":38}},"69":{"start":{"line":93,"column":20},"end":{"line":97,"column":23}},"70":{"start":{"line":94,"column":24},"end":{"line":96,"column":25}},"71":{"start":{"line":95,"column":28},"end":{"line":95,"column":65}},"72":{"start":{"line":98,"column":20},"end":{"line":141,"column":23}},"73":{"start":{"line":99,"column":24},"end":{"line":113,"column":25}},"74":{"start":{"line":100,"column":42},"end":{"line":100,"column":48}},"75":{"start":{"line":101,"column":28},"end":{"line":112,"column":29}},"76":{"start":{"line":102,"column":32},"end":{"line":102,"column":67}},"77":{"start":{"line":103,"column":32},"end":{"line":109,"column":33}},"78":{"start":{"line":104,"column":50},"end":{"line":104,"column":52}},"79":{"start":{"line":105,"column":36},"end":{"line":105,"column":82}},"80":{"start":{"line":106,"column":36},"end":{"line":108,"column":39}},"81":{"start":{"line":107,"column":40},"end":{"line":107,"column":60}},"82":{"start":{"line":114,"column":24},"end":{"line":140,"column":25}},"83":{"start":{"line":115,"column":28},"end":{"line":115,"column":50}},"84":{"start":{"line":116,"column":28},"end":{"line":116,"column":108}},"85":{"start":{"line":117,"column":28},"end":{"line":117,"column":45}},"86":{"start":{"line":118,"column":28},"end":{"line":118,"column":35}},"87":{"start":{"line":121,"column":28},"end":{"line":128,"column":29}},"88":{"start":{"line":122,"column":32},"end":{"line":122,"column":54}},"89":{"start":{"line":123,"column":32},"end":{"line":123,"column":108}},"90":{"start":{"line":126,"column":32},"end":{"line":126,"column":54}},"91":{"start":{"line":127,"column":32},"end":{"line":127,"column":101}},"92":{"start":{"line":129,"column":28},"end":{"line":129,"column":71}},"93":{"start":{"line":130,"column":28},"end":{"line":139,"column":29}},"94":{"start":{"line":131,"column":32},"end":{"line":131,"column":67}},"95":{"start":{"line":132,"column":32},"end":{"line":132,"column":50}},"96":{"start":{"line":135,"column":32},"end":{"line":135,"column":54}},"97":{"start":{"line":136,"column":32},"end":{"line":136,"column":91}},"98":{"start":{"line":137,"column":32},"end":{"line":137,"column":49}},"99":{"start":{"line":138,"column":32},"end":{"line":138,"column":39}},"100":{"start":{"line":143,"column":20},"end":{"line":143,"column":42}},"101":{"start":{"line":144,"column":20},"end":{"line":144,"column":79}},"102":{"start":{"line":145,"column":20},"end":{"line":145,"column":37}},"103":{"start":{"line":146,"column":20},"end":{"line":146,"column":27}},"104":{"start":{"line":151,"column":4},"end":{"line":156,"column":6}},"105":{"start":{"line":152,"column":8},"end":{"line":154,"column":9}},"106":{"start":{"line":153,"column":12},"end":{"line":153,"column":24}},"107":{"start":{"line":155,"column":8},"end":{"line":155,"column":21}},"108":{"start":{"line":157,"column":4},"end":{"line":198,"column":6}},"109":{"start":{"line":158,"column":8},"end":{"line":197,"column":11}},"110":{"start":{"line":159,"column":24},"end":{"line":159,"column":26}},"111":{"start":{"line":160,"column":28},"end":{"line":160,"column":75}},"112":{"start":{"line":161,"column":22},"end":{"line":161,"column":23}},"113":{"start":{"line":162,"column":22},"end":{"line":162,"column":23}},"114":{"start":{"line":163,"column":12},"end":{"line":196,"column":13}},"115":{"start":{"line":164,"column":16},"end":{"line":164,"column":32}},"116":{"start":{"line":167,"column":33},"end":{"line":167,"column":76}},"117":{"start":{"line":168,"column":16},"end":{"line":195,"column":19}},"118":{"start":{"line":169,"column":20},"end":{"line":169,"column":36}},"119":{"start":{"line":170,"column":20},"end":{"line":170,"column":36}},"120":{"start":{"line":171,"column":20},"end":{"line":191,"column":21}},"121":{"start":{"line":172,"column":38},"end":{"line":172,"column":58}},"122":{"start":{"line":173,"column":35},"end":{"line":173,"column":48}},"123":{"start":{"line":174,"column":41},"end":{"line":174,"column":81}},"124":{"start":{"line":175,"column":40},"end":{"line":175,"column":79}},"125":{"start":{"line":176,"column":44},"end":{"line":176,"column":87}},"126":{"start":{"line":177,"column":39},"end":{"line":177,"column":77}},"127":{"start":{"line":178,"column":39},"end":{"line":178,"column":77}},"128":{"start":{"line":179,"column":24},"end":{"line":179,"column":60}},"129":{"start":{"line":180,"column":24},"end":{"line":180,"column":58}},"130":{"start":{"line":181,"column":24},"end":{"line":181,"column":56}},"131":{"start":{"line":182,"column":24},"end":{"line":182,"column":58}},"132":{"start":{"line":183,"column":24},"end":{"line":183,"column":98}},"133":{"start":{"line":184,"column":24},"end":{"line":184,"column":56}},"134":{"start":{"line":185,"column":24},"end":{"line":185,"column":64}},"135":{"start":{"line":186,"column":24},"end":{"line":186,"column":54}},"136":{"start":{"line":187,"column":24},"end":{"line":187,"column":54}},"137":{"start":{"line":188,"column":24},"end":{"line":188,"column":48}},"138":{"start":{"line":189,"column":24},"end":{"line":189,"column":48}},"139":{"start":{"line":190,"column":24},"end":{"line":190,"column":44}},"140":{"start":{"line":192,"column":20},"end":{"line":192,"column":36}},"141":{"start":{"line":194,"column":20},"end":{"line":194,"column":31}},"142":{"start":{"line":199,"column":4},"end":{"line":222,"column":6}},"143":{"start":{"line":200,"column":20},"end":{"line":200,"column":40}},"144":{"start":{"line":201,"column":22},"end":{"line":201,"column":24}},"145":{"start":{"line":202,"column":8},"end":{"line":220,"column":9}},"146":{"start":{"line":203,"column":25},"end":{"line":203,"column":47}},"147":{"start":{"line":204,"column":12},"end":{"line":204,"column":56}},"148":{"start":{"line":205,"column":12},"end":{"line":205,"column":55}},"149":{"start":{"line":206,"column":12},"end":{"line":206,"column":51}},"150":{"start":{"line":207,"column":12},"end":{"line":207,"column":53}},"151":{"start":{"line":208,"column":12},"end":{"line":208,"column":53}},"152":{"start":{"line":209,"column":12},"end":{"line":209,"column":64}},"153":{"start":{"line":210,"column":12},"end":{"line":210,"column":53}},"154":{"start":{"line":211,"column":12},"end":{"line":211,"column":55}},"155":{"start":{"line":212,"column":12},"end":{"line":212,"column":51}},"156":{"start":{"line":213,"column":12},"end":{"line":218,"column":13}},"157":{"start":{"line":214,"column":16},"end":{"line":214,"column":43}},"158":{"start":{"line":217,"column":16},"end":{"line":217,"column":74}},"159":{"start":{"line":219,"column":12},"end":{"line":219,"column":33}},"160":{"start":{"line":221,"column":8},"end":{"line":221,"column":23}},"161":{"start":{"line":223,"column":4},"end":{"line":245,"column":6}},"162":{"start":{"line":224,"column":19},"end":{"line":224,"column":23}},"163":{"start":{"line":225,"column":8},"end":{"line":244,"column":11}},"164":{"start":{"line":226,"column":27},"end":{"line":226,"column":51}},"165":{"start":{"line":227,"column":12},"end":{"line":243,"column":13}},"166":{"start":{"line":228,"column":16},"end":{"line":233,"column":17}},"167":{"start":{"line":229,"column":20},"end":{"line":229,"column":51}},"168":{"start":{"line":231,"column":21},"end":{"line":233,"column":17}},"169":{"start":{"line":232,"column":20},"end":{"line":232,"column":49}},"170":{"start":{"line":234,"column":16},"end":{"line":234,"column":58}},"171":{"start":{"line":235,"column":16},"end":{"line":235,"column":38}},"172":{"start":{"line":236,"column":16},"end":{"line":236,"column":66}},"173":{"start":{"line":237,"column":16},"end":{"line":237,"column":34}},"174":{"start":{"line":240,"column":16},"end":{"line":240,"column":38}},"175":{"start":{"line":241,"column":16},"end":{"line":241,"column":38}},"176":{"start":{"line":242,"column":16},"end":{"line":242,"column":33}},"177":{"start":{"line":246,"column":4},"end":{"line":269,"column":6}},"178":{"start":{"line":247,"column":23},"end":{"line":247,"column":47}},"179":{"start":{"line":248,"column":19},"end":{"line":248,"column":23}},"180":{"start":{"line":249,"column":8},"end":{"line":268,"column":11}},"181":{"start":{"line":250,"column":30},"end":{"line":250,"column":56}},"182":{"start":{"line":251,"column":12},"end":{"line":256,"column":13}},"183":{"start":{"line":252,"column":16},"end":{"line":252,"column":38}},"184":{"start":{"line":253,"column":16},"end":{"line":253,"column":73}},"185":{"start":{"line":254,"column":16},"end":{"line":254,"column":33}},"186":{"start":{"line":255,"column":16},"end":{"line":255,"column":23}},"187":{"start":{"line":257,"column":23},"end":{"line":257,"column":55}},"188":{"start":{"line":258,"column":12},"end":{"line":263,"column":13}},"189":{"start":{"line":259,"column":16},"end":{"line":259,"column":38}},"190":{"start":{"line":260,"column":16},"end":{"line":260,"column":65}},"191":{"start":{"line":261,"column":16},"end":{"line":261,"column":33}},"192":{"start":{"line":262,"column":16},"end":{"line":262,"column":23}},"193":{"start":{"line":264,"column":25},"end":{"line":264,"column":58}},"194":{"start":{"line":265,"column":12},"end":{"line":265,"column":34}},"195":{"start":{"line":266,"column":12},"end":{"line":266,"column":37}},"196":{"start":{"line":267,"column":12},"end":{"line":267,"column":30}},"197":{"start":{"line":270,"column":4},"end":{"line":277,"column":6}},"198":{"start":{"line":271,"column":8},"end":{"line":276,"column":9}},"199":{"start":{"line":272,"column":12},"end":{"line":272,"column":43}},"200":{"start":{"line":274,"column":13},"end":{"line":276,"column":9}},"201":{"start":{"line":275,"column":12},"end":{"line":275,"column":41}},"202":{"start":{"line":278,"column":4},"end":{"line":278,"column":25}},"203":{"start":{"line":280,"column":0},"end":{"line":280,"column":62}},"204":{"start":{"line":281,"column":0},"end":{"line":281,"column":32}}},"fnMap":{"0":{"name":"(anonymous_0)","decl":{"start":{"line":12,"column":21},"end":{"line":12,"column":22}},"loc":{"start":{"line":12,"column":33},"end":{"line":279,"column":1}}},"1":{"name":"InsightFacade","decl":{"start":{"line":13,"column":13},"end":{"line":13,"column":26}},"loc":{"start":{"line":13,"column":29},"end":{"line":21,"column":5}}},"2":{"name":"(anonymous_2)","decl":{"start":{"line":22,"column":41},"end":{"line":22,"column":42}},"loc":{"start":{"line":22,"column":64},"end":{"line":150,"column":5}}},"3":{"name":"(anonymous_3)","decl":{"start":{"line":25,"column":31},"end":{"line":25,"column":32}},"loc":{"start":{"line":25,"column":58},"end":{"line":84,"column":13}}},"4":{"name":"(anonymous_4)","decl":{"start":{"line":29,"column":62},"end":{"line":29,"column":63}},"loc":{"start":{"line":29,"column":77},"end":{"line":78,"column":17}}},"5":{"name":"(anonymous_5)","decl":{"start":{"line":30,"column":63},"end":{"line":30,"column":64}},"loc":{"start":{"line":30,"column":79},"end":{"line":77,"column":21}}},"6":{"name":"(anonymous_6)","decl":{"start":{"line":40,"column":52},"end":{"line":40,"column":53}},"loc":{"start":{"line":40,"column":73},"end":{"line":76,"column":25}}},"7":{"name":"(anonymous_7)","decl":{"start":{"line":49,"column":63},"end":{"line":49,"column":64}},"loc":{"start":{"line":49,"column":86},"end":{"line":75,"column":29}}},"8":{"name":"(anonymous_8)","decl":{"start":{"line":78,"column":25},"end":{"line":78,"column":26}},"loc":{"start":{"line":78,"column":40},"end":{"line":83,"column":17}}},"9":{"name":"(anonymous_9)","decl":{"start":{"line":87,"column":31},"end":{"line":87,"column":32}},"loc":{"start":{"line":87,"column":58},"end":{"line":148,"column":13}}},"10":{"name":"(anonymous_10)","decl":{"start":{"line":91,"column":62},"end":{"line":91,"column":63}},"loc":{"start":{"line":91,"column":77},"end":{"line":142,"column":17}}},"11":{"name":"(anonymous_11)","decl":{"start":{"line":93,"column":32},"end":{"line":93,"column":33}},"loc":{"start":{"line":93,"column":58},"end":{"line":97,"column":21}}},"12":{"name":"(anonymous_12)","decl":{"start":{"line":98,"column":48},"end":{"line":98,"column":49}},"loc":{"start":{"line":98,"column":69},"end":{"line":141,"column":21}}},"13":{"name":"(anonymous_13)","decl":{"start":{"line":106,"column":52},"end":{"line":106,"column":53}},"loc":{"start":{"line":106,"column":70},"end":{"line":108,"column":37}}},"14":{"name":"(anonymous_14)","decl":{"start":{"line":142,"column":25},"end":{"line":142,"column":26}},"loc":{"start":{"line":142,"column":37},"end":{"line":147,"column":17}}},"15":{"name":"(anonymous_15)","decl":{"start":{"line":151,"column":43},"end":{"line":151,"column":44}},"loc":{"start":{"line":151,"column":62},"end":{"line":156,"column":5}}},"16":{"name":"(anonymous_16)","decl":{"start":{"line":157,"column":51},"end":{"line":157,"column":52}},"loc":{"start":{"line":157,"column":105},"end":{"line":198,"column":5}}},"17":{"name":"(anonymous_17)","decl":{"start":{"line":158,"column":27},"end":{"line":158,"column":28}},"loc":{"start":{"line":158,"column":55},"end":{"line":197,"column":9}}},"18":{"name":"(anonymous_18)","decl":{"start":{"line":168,"column":61},"end":{"line":168,"column":62}},"loc":{"start":{"line":168,"column":79},"end":{"line":193,"column":17}}},"19":{"name":"(anonymous_19)","decl":{"start":{"line":193,"column":25},"end":{"line":193,"column":26}},"loc":{"start":{"line":193,"column":40},"end":{"line":195,"column":17}}},"20":{"name":"(anonymous_20)","decl":{"start":{"line":199,"column":52},"end":{"line":199,"column":53}},"loc":{"start":{"line":199,"column":74},"end":{"line":222,"column":5}}},"21":{"name":"(anonymous_21)","decl":{"start":{"line":223,"column":44},"end":{"line":223,"column":45}},"loc":{"start":{"line":223,"column":58},"end":{"line":245,"column":5}}},"22":{"name":"(anonymous_22)","decl":{"start":{"line":225,"column":27},"end":{"line":225,"column":28}},"loc":{"start":{"line":225,"column":54},"end":{"line":244,"column":9}}},"23":{"name":"(anonymous_23)","decl":{"start":{"line":246,"column":43},"end":{"line":246,"column":44}},"loc":{"start":{"line":246,"column":60},"end":{"line":269,"column":5}}},"24":{"name":"(anonymous_24)","decl":{"start":{"line":249,"column":27},"end":{"line":249,"column":28}},"loc":{"start":{"line":249,"column":54},"end":{"line":268,"column":9}}},"25":{"name":"(anonymous_25)","decl":{"start":{"line":270,"column":50},"end":{"line":270,"column":51}},"loc":{"start":{"line":270,"column":66},"end":{"line":277,"column":5}}}},"branchMap":{"0":{"loc":{"start":{"line":24,"column":8},"end":{"line":149,"column":9}},"type":"if","locations":[{"start":{"line":24,"column":8},"end":{"line":149,"column":9}},{"start":{"line":24,"column":8},"end":{"line":149,"column":9}}]},"1":{"loc":{"start":{"line":56,"column":32},"end":{"line":63,"column":33}},"type":"if","locations":[{"start":{"line":56,"column":32},"end":{"line":63,"column":33}},{"start":{"line":56,"column":32},"end":{"line":63,"column":33}}]},"2":{"loc":{"start":{"line":86,"column":13},"end":{"line":149,"column":9}},"type":"if","locations":[{"start":{"line":86,"column":13},"end":{"line":149,"column":9}},{"start":{"line":86,"column":13},"end":{"line":149,"column":9}}]},"3":{"loc":{"start":{"line":94,"column":24},"end":{"line":96,"column":25}},"type":"if","locations":[{"start":{"line":94,"column":24},"end":{"line":96,"column":25}},{"start":{"line":94,"column":24},"end":{"line":96,"column":25}}]},"4":{"loc":{"start":{"line":103,"column":32},"end":{"line":109,"column":33}},"type":"if","locations":[{"start":{"line":103,"column":32},"end":{"line":109,"column":33}},{"start":{"line":103,"column":32},"end":{"line":109,"column":33}}]},"5":{"loc":{"start":{"line":114,"column":24},"end":{"line":140,"column":25}},"type":"if","locations":[{"start":{"line":114,"column":24},"end":{"line":140,"column":25}},{"start":{"line":114,"column":24},"end":{"line":140,"column":25}}]},"6":{"loc":{"start":{"line":121,"column":28},"end":{"line":128,"column":29}},"type":"if","locations":[{"start":{"line":121,"column":28},"end":{"line":128,"column":29}},{"start":{"line":121,"column":28},"end":{"line":128,"column":29}}]},"7":{"loc":{"start":{"line":152,"column":8},"end":{"line":154,"column":9}},"type":"if","locations":[{"start":{"line":152,"column":8},"end":{"line":154,"column":9}},{"start":{"line":152,"column":8},"end":{"line":154,"column":9}}]},"8":{"loc":{"start":{"line":163,"column":12},"end":{"line":196,"column":13}},"type":"if","locations":[{"start":{"line":163,"column":12},"end":{"line":196,"column":13}},{"start":{"line":163,"column":12},"end":{"line":196,"column":13}}]},"9":{"loc":{"start":{"line":213,"column":12},"end":{"line":218,"column":13}},"type":"if","locations":[{"start":{"line":213,"column":12},"end":{"line":218,"column":13}},{"start":{"line":213,"column":12},"end":{"line":218,"column":13}}]},"10":{"loc":{"start":{"line":228,"column":16},"end":{"line":233,"column":17}},"type":"if","locations":[{"start":{"line":228,"column":16},"end":{"line":233,"column":17}},{"start":{"line":228,"column":16},"end":{"line":233,"column":17}}]},"11":{"loc":{"start":{"line":231,"column":21},"end":{"line":233,"column":17}},"type":"if","locations":[{"start":{"line":231,"column":21},"end":{"line":233,"column":17}},{"start":{"line":231,"column":21},"end":{"line":233,"column":17}}]},"12":{"loc":{"start":{"line":251,"column":12},"end":{"line":256,"column":13}},"type":"if","locations":[{"start":{"line":251,"column":12},"end":{"line":256,"column":13}},{"start":{"line":251,"column":12},"end":{"line":256,"column":13}}]},"13":{"loc":{"start":{"line":258,"column":12},"end":{"line":263,"column":13}},"type":"if","locations":[{"start":{"line":258,"column":12},"end":{"line":263,"column":13}},{"start":{"line":258,"column":12},"end":{"line":263,"column":13}}]},"14":{"loc":{"start":{"line":271,"column":8},"end":{"line":276,"column":9}},"type":"if","locations":[{"start":{"line":271,"column":8},"end":{"line":276,"column":9}},{"start":{"line":271,"column":8},"end":{"line":276,"column":9}}]},"15":{"loc":{"start":{"line":274,"column":13},"end":{"line":276,"column":9}},"type":"if","locations":[{"start":{"line":274,"column":13},"end":{"line":276,"column":9}},{"start":{"line":274,"column":13},"end":{"line":276,"column":9}}]}},"s":{"0":1,"1":1,"2":1,"3":1,"4":1,"5":1,"6":1,"7":1,"8":1,"9":1,"10":62,"11":62,"12":62,"13":62,"14":1,"15":43,"16":43,"17":17,"18":17,"19":17,"20":17,"21":17,"22":17,"23":17,"24":17,"25":17,"26":17,"27":17,"28":17,"29":1258,"30":1258,"31":17,"32":17,"33":17,"34":1258,"35":1258,"36":1258,"37":1258,"38":1258,"39":17,"40":17,"41":17,"42":1258,"43":1258,"44":17,"45":17,"46":1,"47":1,"48":16,"49":16,"50":17,"51":17,"52":17,"53":17,"54":0,"55":0,"56":0,"57":0,"58":0,"59":0,"60":0,"61":0,"62":26,"63":12,"64":12,"65":12,"66":12,"67":12,"68":12,"69":12,"70":65401,"71":65389,"72":12,"73":12,"74":65389,"75":65389,"76":65389,"77":65389,"78":39483,"79":39483,"80":39483,"81":710951,"82":12,"83":0,"84":0,"85":0,"86":0,"87":12,"88":8,"89":8,"90":4,"91":4,"92":12,"93":12,"94":12,"95":12,"96":0,"97":0,"98":0,"99":0,"100":0,"101":0,"102":0,"103":0,"104":1,"105":65389,"106":39483,"107":25906,"108":1,"109":1258,"110":1258,"111":1258,"112":1258,"113":1258,"114":1258,"115":510,"116":748,"117":748,"118":748,"119":748,"120":748,"121":6188,"122":6188,"123":6188,"124":6188,"125":6188,"126":6188,"127":6188,"128":6188,"129":6188,"130":6188,"131":6188,"132":6188,"133":6188,"134":6188,"135":6188,"136":6188,"137":6188,"138":6188,"139":6188,"140":748,"141":0,"142":1,"143":39483,"144":39483,"145":39483,"146":710951,"147":710951,"148":710951,"149":710951,"150":710951,"151":710951,"152":710951,"153":710951,"154":710951,"155":710951,"156":710951,"157":270860,"158":440091,"159":710951,"160":39483,"161":1,"162":3,"163":3,"164":3,"165":3,"166":3,"167":2,"168":1,"169":0,"170":2,"171":2,"172":2,"173":2,"174":1,"175":1,"176":1,"177":1,"178":26,"179":26,"180":26,"181":26,"182":26,"183":4,"184":4,"185":4,"186":4,"187":22,"188":22,"189":2,"190":2,"191":2,"192":2,"193":20,"194":20,"195":20,"196":20,"197":1,"198":22,"199":11,"200":11,"201":11,"202":1,"203":1,"204":1},"f":{"0":1,"1":62,"2":43,"3":17,"4":17,"5":17,"6":17,"7":17,"8":0,"9":12,"10":12,"11":65401,"12":12,"13":710951,"14":0,"15":65389,"16":1258,"17":1258,"18":748,"19":0,"20":39483,"21":3,"22":3,"23":26,"24":26,"25":22},"b":{"0":[17,26],"1":[1,16],"2":[12,14],"3":[65389,12],"4":[39483,25906],"5":[0,12],"6":[8,4],"7":[39483,25906],"8":[510,748],"9":[270860,440091],"10":[2,1],"11":[0,1],"12":[4,22],"13":[2,20],"14":[11,11],"15":[11,0]},"_coverageSchema":"332fd63041d2c1bcb487cc26dd0d5f7d97098a6c","hash":"97fc4290dccdbeb2d65f0651a067d7e832ad1b2b","contentHash":"7f0a47fcc285a97dd101611ff125fb35_10.1.2"},"C:\\Users\\parkj\\Documents\\School\\CPSC310\\Project\\cpsc310_team138\\src\\model\\Response.js":{"path":"C:\\Users\\parkj\\Documents\\School\\CPSC310\\Project\\cpsc310_team138\\src\\model\\Response.js","statementMap":{"0":{"start":{"line":2,"column":16},"end":{"line":19,"column":3}},"1":{"start":{"line":4,"column":8},"end":{"line":4,"column":22}},"2":{"start":{"line":6,"column":4},"end":{"line":8,"column":6}},"3":{"start":{"line":7,"column":8},"end":{"line":7,"column":24}},"4":{"start":{"line":9,"column":4},"end":{"line":11,"column":6}},"5":{"start":{"line":10,"column":8},"end":{"line":10,"column":25}},"6":{"start":{"line":12,"column":4},"end":{"line":14,"column":6}},"7":{"start":{"line":13,"column":8},"end":{"line":13,"column":24}},"8":{"start":{"line":15,"column":4},"end":{"line":17,"column":6}},"9":{"start":{"line":16,"column":8},"end":{"line":16,"column":25}},"10":{"start":{"line":18,"column":4},"end":{"line":18,"column":20}},"11":{"start":{"line":20,"column":0},"end":{"line":20,"column":62}},"12":{"start":{"line":21,"column":0},"end":{"line":21,"column":27}}},"fnMap":{"0":{"name":"(anonymous_0)","decl":{"start":{"line":2,"column":16},"end":{"line":2,"column":17}},"loc":{"start":{"line":2,"column":28},"end":{"line":19,"column":1}}},"1":{"name":"Response","decl":{"start":{"line":3,"column":13},"end":{"line":3,"column":21}},"loc":{"start":{"line":3,"column":24},"end":{"line":5,"column":5}}},"2":{"name":"(anonymous_2)","decl":{"start":{"line":6,"column":33},"end":{"line":6,"column":34}},"loc":{"start":{"line":6,"column":48},"end":{"line":8,"column":5}}},"3":{"name":"(anonymous_3)","decl":{"start":{"line":9,"column":33},"end":{"line":9,"column":34}},"loc":{"start":{"line":9,"column":45},"end":{"line":11,"column":5}}},"4":{"name":"(anonymous_4)","decl":{"start":{"line":12,"column":33},"end":{"line":12,"column":34}},"loc":{"start":{"line":12,"column":48},"end":{"line":14,"column":5}}},"5":{"name":"(anonymous_5)","decl":{"start":{"line":15,"column":33},"end":{"line":15,"column":34}},"loc":{"start":{"line":15,"column":45},"end":{"line":17,"column":5}}}},"branchMap":{},"s":{"0":1,"1":58,"2":1,"3":58,"4":1,"5":0,"6":1,"7":58,"8":1,"9":0,"10":1,"11":1,"12":1},"f":{"0":1,"1":58,"2":58,"3":0,"4":58,"5":0},"b":{},"_coverageSchema":"332fd63041d2c1bcb487cc26dd0d5f7d97098a6c","hash":"df4ad104a1b8d4c1af4b8db5e3e543753d2f378c","contentHash":"57c4ae4f0460d2728d44385a9904a78e_10.1.2"},"C:\\Users\\parkj\\Documents\\School\\CPSC310\\Project\\cpsc310_team138\\src\\model\\Course.js":{"path":"C:\\Users\\parkj\\Documents\\School\\CPSC310\\Project\\cpsc310_team138\\src\\model\\Course.js","statementMap":{"0":{"start":{"line":2,"column":16},"end":{"line":6,"column":1}},"1":{"start":{"line":3,"column":4},"end":{"line":3,"column":58}},"2":{"start":{"line":3,"column":21},"end":{"line":3,"column":58}},"3":{"start":{"line":3,"column":46},"end":{"line":3,"column":58}},"4":{"start":{"line":4,"column":20},"end":{"line":4,"column":41}},"5":{"start":{"line":5,"column":4},"end":{"line":5,"column":89}},"6":{"start":{"line":7,"column":13},"end":{"line":7,"column":30}},"7":{"start":{"line":8,"column":14},"end":{"line":114,"column":14}},"8":{"start":{"line":9,"column":4},"end":{"line":9,"column":30}},"9":{"start":{"line":11,"column":8},"end":{"line":11,"column":72}},"10":{"start":{"line":13,"column":4},"end":{"line":22,"column":7}},"11":{"start":{"line":15,"column":12},"end":{"line":15,"column":38}},"12":{"start":{"line":18,"column":12},"end":{"line":18,"column":39}},"13":{"start":{"line":23,"column":4},"end":{"line":32,"column":7}},"14":{"start":{"line":25,"column":12},"end":{"line":25,"column":36}},"15":{"start":{"line":28,"column":12},"end":{"line":28,"column":37}},"16":{"start":{"line":33,"column":4},"end":{"line":42,"column":7}},"17":{"start":{"line":35,"column":12},"end":{"line":35,"column":37}},"18":{"start":{"line":38,"column":12},"end":{"line":38,"column":38}},"19":{"start":{"line":43,"column":4},"end":{"line":52,"column":7}},"20":{"start":{"line":45,"column":12},"end":{"line":45,"column":44}},"21":{"start":{"line":48,"column":12},"end":{"line":48,"column":45}},"22":{"start":{"line":53,"column":4},"end":{"line":62,"column":7}},"23":{"start":{"line":55,"column":12},"end":{"line":55,"column":39}},"24":{"start":{"line":58,"column":12},"end":{"line":58,"column":40}},"25":{"start":{"line":63,"column":4},"end":{"line":72,"column":7}},"26":{"start":{"line":65,"column":12},"end":{"line":65,"column":38}},"27":{"start":{"line":68,"column":12},"end":{"line":68,"column":39}},"28":{"start":{"line":73,"column":4},"end":{"line":82,"column":7}},"29":{"start":{"line":75,"column":12},"end":{"line":75,"column":38}},"30":{"start":{"line":78,"column":12},"end":{"line":78,"column":39}},"31":{"start":{"line":83,"column":4},"end":{"line":92,"column":7}},"32":{"start":{"line":85,"column":12},"end":{"line":85,"column":39}},"33":{"start":{"line":88,"column":12},"end":{"line":88,"column":40}},"34":{"start":{"line":93,"column":4},"end":{"line":102,"column":7}},"35":{"start":{"line":95,"column":12},"end":{"line":95,"column":38}},"36":{"start":{"line":98,"column":12},"end":{"line":98,"column":39}},"37":{"start":{"line":103,"column":4},"end":{"line":112,"column":7}},"38":{"start":{"line":105,"column":12},"end":{"line":105,"column":38}},"39":{"start":{"line":108,"column":12},"end":{"line":108,"column":39}},"40":{"start":{"line":113,"column":4},"end":{"line":113,"column":18}},"41":{"start":{"line":115,"column":0},"end":{"line":115,"column":62}},"42":{"start":{"line":116,"column":0},"end":{"line":116,"column":25}}},"fnMap":{"0":{"name":"(anonymous_0)","decl":{"start":{"line":2,"column":44},"end":{"line":2,"column":45}},"loc":{"start":{"line":2,"column":60},"end":{"line":6,"column":1}}},"1":{"name":"__","decl":{"start":{"line":4,"column":13},"end":{"line":4,"column":15}},"loc":{"start":{"line":4,"column":18},"end":{"line":4,"column":43}}},"2":{"name":"(anonymous_2)","decl":{"start":{"line":8,"column":14},"end":{"line":8,"column":15}},"loc":{"start":{"line":8,"column":32},"end":{"line":114,"column":1}}},"3":{"name":"Course","decl":{"start":{"line":10,"column":13},"end":{"line":10,"column":19}},"loc":{"start":{"line":10,"column":22},"end":{"line":12,"column":5}}},"4":{"name":"(anonymous_4)","decl":{"start":{"line":14,"column":13},"end":{"line":14,"column":14}},"loc":{"start":{"line":14,"column":25},"end":{"line":16,"column":9}}},"5":{"name":"(anonymous_5)","decl":{"start":{"line":17,"column":13},"end":{"line":17,"column":14}},"loc":{"start":{"line":17,"column":30},"end":{"line":19,"column":9}}},"6":{"name":"(anonymous_6)","decl":{"start":{"line":24,"column":13},"end":{"line":24,"column":14}},"loc":{"start":{"line":24,"column":25},"end":{"line":26,"column":9}}},"7":{"name":"(anonymous_7)","decl":{"start":{"line":27,"column":13},"end":{"line":27,"column":14}},"loc":{"start":{"line":27,"column":30},"end":{"line":29,"column":9}}},"8":{"name":"(anonymous_8)","decl":{"start":{"line":34,"column":13},"end":{"line":34,"column":14}},"loc":{"start":{"line":34,"column":25},"end":{"line":36,"column":9}}},"9":{"name":"(anonymous_9)","decl":{"start":{"line":37,"column":13},"end":{"line":37,"column":14}},"loc":{"start":{"line":37,"column":30},"end":{"line":39,"column":9}}},"10":{"name":"(anonymous_10)","decl":{"start":{"line":44,"column":13},"end":{"line":44,"column":14}},"loc":{"start":{"line":44,"column":25},"end":{"line":46,"column":9}}},"11":{"name":"(anonymous_11)","decl":{"start":{"line":47,"column":13},"end":{"line":47,"column":14}},"loc":{"start":{"line":47,"column":30},"end":{"line":49,"column":9}}},"12":{"name":"(anonymous_12)","decl":{"start":{"line":54,"column":13},"end":{"line":54,"column":14}},"loc":{"start":{"line":54,"column":25},"end":{"line":56,"column":9}}},"13":{"name":"(anonymous_13)","decl":{"start":{"line":57,"column":13},"end":{"line":57,"column":14}},"loc":{"start":{"line":57,"column":30},"end":{"line":59,"column":9}}},"14":{"name":"(anonymous_14)","decl":{"start":{"line":64,"column":13},"end":{"line":64,"column":14}},"loc":{"start":{"line":64,"column":25},"end":{"line":66,"column":9}}},"15":{"name":"(anonymous_15)","decl":{"start":{"line":67,"column":13},"end":{"line":67,"column":14}},"loc":{"start":{"line":67,"column":30},"end":{"line":69,"column":9}}},"16":{"name":"(anonymous_16)","decl":{"start":{"line":74,"column":13},"end":{"line":74,"column":14}},"loc":{"start":{"line":74,"column":25},"end":{"line":76,"column":9}}},"17":{"name":"(anonymous_17)","decl":{"start":{"line":77,"column":13},"end":{"line":77,"column":14}},"loc":{"start":{"line":77,"column":30},"end":{"line":79,"column":9}}},"18":{"name":"(anonymous_18)","decl":{"start":{"line":84,"column":13},"end":{"line":84,"column":14}},"loc":{"start":{"line":84,"column":25},"end":{"line":86,"column":9}}},"19":{"name":"(anonymous_19)","decl":{"start":{"line":87,"column":13},"end":{"line":87,"column":14}},"loc":{"start":{"line":87,"column":30},"end":{"line":89,"column":9}}},"20":{"name":"(anonymous_20)","decl":{"start":{"line":94,"column":13},"end":{"line":94,"column":14}},"loc":{"start":{"line":94,"column":25},"end":{"line":96,"column":9}}},"21":{"name":"(anonymous_21)","decl":{"start":{"line":97,"column":13},"end":{"line":97,"column":14}},"loc":{"start":{"line":97,"column":30},"end":{"line":99,"column":9}}},"22":{"name":"(anonymous_22)","decl":{"start":{"line":104,"column":13},"end":{"line":104,"column":14}},"loc":{"start":{"line":104,"column":25},"end":{"line":106,"column":9}}},"23":{"name":"(anonymous_23)","decl":{"start":{"line":107,"column":13},"end":{"line":107,"column":14}},"loc":{"start":{"line":107,"column":30},"end":{"line":109,"column":9}}}},"branchMap":{"0":{"loc":{"start":{"line":2,"column":16},"end":{"line":6,"column":1}},"type":"binary-expr","locations":[{"start":{"line":2,"column":17},"end":{"line":2,"column":21}},{"start":{"line":2,"column":25},"end":{"line":2,"column":39}},{"start":{"line":2,"column":44},"end":{"line":6,"column":1}}]},"1":{"loc":{"start":{"line":3,"column":21},"end":{"line":3,"column":58}},"type":"if","locations":[{"start":{"line":3,"column":21},"end":{"line":3,"column":58}},{"start":{"line":3,"column":21},"end":{"line":3,"column":58}}]},"2":{"loc":{"start":{"line":5,"column":18},"end":{"line":5,"column":88}},"type":"cond-expr","locations":[{"start":{"line":5,"column":31},"end":{"line":5,"column":47}},{"start":{"line":5,"column":51},"end":{"line":5,"column":87}}]},"3":{"loc":{"start":{"line":11,"column":15},"end":{"line":11,"column":71}},"type":"binary-expr","locations":[{"start":{"line":11,"column":15},"end":{"line":11,"column":30}},{"start":{"line":11,"column":34},"end":{"line":11,"column":63}},{"start":{"line":11,"column":67},"end":{"line":11,"column":71}}]}},"s":{"0":1,"1":1,"2":0,"3":0,"4":1,"5":1,"6":1,"7":1,"8":1,"9":710951,"10":1,"11":198711,"12":710951,"13":1,"14":129715,"15":710951,"16":1,"17":129419,"18":710951,"19":1,"20":387751,"21":710951,"22":1,"23":0,"24":710951,"25":1,"26":64612,"27":710951,"28":1,"29":0,"30":710951,"31":1,"32":0,"33":710951,"34":1,"35":0,"36":710951,"37":1,"38":68917,"39":710951,"40":1,"41":1,"42":1},"f":{"0":1,"1":1,"2":1,"3":710951,"4":198711,"5":710951,"6":129715,"7":710951,"8":129419,"9":710951,"10":387751,"11":710951,"12":0,"13":710951,"14":64612,"15":710951,"16":0,"17":710951,"18":0,"19":710951,"20":0,"21":710951,"22":68917,"23":710951},"b":{"0":[1,1,1],"1":[0,0],"2":[0,1],"3":[710951,710951,710951]},"_coverageSchema":"332fd63041d2c1bcb487cc26dd0d5f7d97098a6c","hash":"95ec0accb5d404cd51ef3efa5571ebfb6e13c796","contentHash":"aa28878bff893d8a76ecefeb4546d963_10.1.2"},"C:\\Users\\parkj\\Documents\\School\\CPSC310\\Project\\cpsc310_team138\\src\\model\\Data.js":{"path":"C:\\Users\\parkj\\Documents\\School\\CPSC310\\Project\\cpsc310_team138\\src\\model\\Data.js","statementMap":{"0":{"start":{"line":2,"column":12},"end":{"line":6,"column":3}},"1":{"start":{"line":5,"column":4},"end":{"line":5,"column":16}},"2":{"start":{"line":7,"column":0},"end":{"line":7,"column":20}}},"fnMap":{"0":{"name":"(anonymous_0)","decl":{"start":{"line":2,"column":12},"end":{"line":2,"column":13}},"loc":{"start":{"line":2,"column":24},"end":{"line":6,"column":1}}},"1":{"name":"Data","decl":{"start":{"line":3,"column":13},"end":{"line":3,"column":17}},"loc":{"start":{"line":3,"column":20},"end":{"line":4,"column":5}}}},"branchMap":{},"s":{"0":1,"1":1,"2":1},"f":{"0":1,"1":717139},"b":{},"_coverageSchema":"332fd63041d2c1bcb487cc26dd0d5f7d97098a6c","hash":"2039c758c0e9ece4205b7ea953dd8083827c555d","contentHash":"7f8c85f053820c6c704dc110c24a8656_10.1.2"},"C:\\Users\\parkj\\Documents\\School\\CPSC310\\Project\\cpsc310_team138\\src\\AST\\Query.js":{"path":"C:\\Users\\parkj\\Documents\\School\\CPSC310\\Project\\cpsc310_team138\\src\\AST\\Query.js","statementMap":{"0":{"start":{"line":2,"column":13},"end":{"line":2,"column":30}},"1":{"start":{"line":3,"column":16},"end":{"line":3,"column":36}},"2":{"start":{"line":4,"column":13},"end":{"line":25,"column":3}},"3":{"start":{"line":7,"column":4},"end":{"line":19,"column":6}},"4":{"start":{"line":8,"column":26},"end":{"line":8,"column":37}},"5":{"start":{"line":9,"column":8},"end":{"line":9,"column":61}},"6":{"start":{"line":10,"column":8},"end":{"line":12,"column":9}},"7":{"start":{"line":11,"column":12},"end":{"line":11,"column":24}},"8":{"start":{"line":13,"column":8},"end":{"line":13,"column":60}},"9":{"start":{"line":14,"column":8},"end":{"line":14,"column":70}},"10":{"start":{"line":15,"column":8},"end":{"line":17,"column":9}},"11":{"start":{"line":16,"column":12},"end":{"line":16,"column":24}},"12":{"start":{"line":18,"column":8},"end":{"line":18,"column":27}},"13":{"start":{"line":20,"column":4},"end":{"line":23,"column":6}},"14":{"start":{"line":21,"column":24},"end":{"line":21,"column":55}},"15":{"start":{"line":22,"column":8},"end":{"line":22,"column":60}},"16":{"start":{"line":24,"column":4},"end":{"line":24,"column":17}},"17":{"start":{"line":26,"column":0},"end":{"line":26,"column":22}}},"fnMap":{"0":{"name":"(anonymous_0)","decl":{"start":{"line":4,"column":13},"end":{"line":4,"column":14}},"loc":{"start":{"line":4,"column":25},"end":{"line":25,"column":1}}},"1":{"name":"Query","decl":{"start":{"line":5,"column":13},"end":{"line":5,"column":18}},"loc":{"start":{"line":5,"column":21},"end":{"line":6,"column":5}}},"2":{"name":"(anonymous_2)","decl":{"start":{"line":7,"column":18},"end":{"line":7,"column":19}},"loc":{"start":{"line":7,"column":35},"end":{"line":19,"column":5}}},"3":{"name":"(anonymous_3)","decl":{"start":{"line":20,"column":31},"end":{"line":20,"column":32}},"loc":{"start":{"line":20,"column":54},"end":{"line":23,"column":5}}}},"branchMap":{"0":{"loc":{"start":{"line":10,"column":8},"end":{"line":12,"column":9}},"type":"if","locations":[{"start":{"line":10,"column":8},"end":{"line":12,"column":9}},{"start":{"line":10,"column":8},"end":{"line":12,"column":9}}]},"1":{"loc":{"start":{"line":15,"column":8},"end":{"line":17,"column":9}},"type":"if","locations":[{"start":{"line":15,"column":8},"end":{"line":17,"column":9}},{"start":{"line":15,"column":8},"end":{"line":17,"column":9}}]}},"s":{"0":1,"1":1,"2":1,"3":1,"4":26,"5":26,"6":26,"7":2,"8":24,"9":24,"10":24,"11":2,"12":22,"13":1,"14":20,"15":20,"16":1,"17":1},"f":{"0":1,"1":26,"2":26,"3":20},"b":{"0":[2,24],"1":[2,22]},"_coverageSchema":"332fd63041d2c1bcb487cc26dd0d5f7d97098a6c","hash":"7f53763c9410a1a74c8327cc95d8181836be59b9","contentHash":"dabeb93547954167907c7f87cfffb703_10.1.2"},"C:\\Users\\parkj\\Documents\\School\\CPSC310\\Project\\cpsc310_team138\\src\\AST\\Body.js":{"path":"C:\\Users\\parkj\\Documents\\School\\CPSC310\\Project\\cpsc310_team138\\src\\AST\\Body.js","statementMap":{"0":{"start":{"line":2,"column":15},"end":{"line":2,"column":34}},"1":{"start":{"line":3,"column":12},"end":{"line":24,"column":3}},"2":{"start":{"line":6,"column":4},"end":{"line":19,"column":6}},"3":{"start":{"line":7,"column":21},"end":{"line":7,"column":36}},"4":{"start":{"line":8,"column":8},"end":{"line":18,"column":9}},"5":{"start":{"line":9,"column":29},"end":{"line":9,"column":39}},"6":{"start":{"line":10,"column":12},"end":{"line":10,"column":68}},"7":{"start":{"line":11,"column":12},"end":{"line":13,"column":13}},"8":{"start":{"line":12,"column":16},"end":{"line":12,"column":28}},"9":{"start":{"line":14,"column":12},"end":{"line":14,"column":30}},"10":{"start":{"line":17,"column":12},"end":{"line":17,"column":24}},"11":{"start":{"line":20,"column":4},"end":{"line":22,"column":6}},"12":{"start":{"line":21,"column":8},"end":{"line":21,"column":49}},"13":{"start":{"line":23,"column":4},"end":{"line":23,"column":16}},"14":{"start":{"line":25,"column":0},"end":{"line":25,"column":19}},"15":{"start":{"line":26,"column":0},"end":{"line":26,"column":20}}},"fnMap":{"0":{"name":"(anonymous_0)","decl":{"start":{"line":3,"column":12},"end":{"line":3,"column":13}},"loc":{"start":{"line":3,"column":24},"end":{"line":24,"column":1}}},"1":{"name":"Body","decl":{"start":{"line":4,"column":13},"end":{"line":4,"column":17}},"loc":{"start":{"line":4,"column":20},"end":{"line":5,"column":5}}},"2":{"name":"(anonymous_2)","decl":{"start":{"line":6,"column":17},"end":{"line":6,"column":18}},"loc":{"start":{"line":6,"column":40},"end":{"line":19,"column":5}}},"3":{"name":"(anonymous_3)","decl":{"start":{"line":20,"column":30},"end":{"line":20,"column":31}},"loc":{"start":{"line":20,"column":53},"end":{"line":22,"column":5}}}},"branchMap":{"0":{"loc":{"start":{"line":8,"column":8},"end":{"line":18,"column":9}},"type":"if","locations":[{"start":{"line":8,"column":8},"end":{"line":18,"column":9}},{"start":{"line":8,"column":8},"end":{"line":18,"column":9}}]},"1":{"loc":{"start":{"line":11,"column":12},"end":{"line":13,"column":13}},"type":"if","locations":[{"start":{"line":11,"column":12},"end":{"line":13,"column":13}},{"start":{"line":11,"column":12},"end":{"line":13,"column":13}}]}},"s":{"0":1,"1":1,"2":1,"3":24,"4":24,"5":24,"6":24,"7":24,"8":2,"9":22,"10":0,"11":1,"12":20,"13":1,"14":1,"15":1},"f":{"0":1,"1":24,"2":24,"3":20},"b":{"0":[24,0],"1":[2,22]},"_coverageSchema":"332fd63041d2c1bcb487cc26dd0d5f7d97098a6c","hash":"7507f82e43c51c2d67bb0e2ca74eae1f2192290c","contentHash":"439bb33e124c98195b971d985feb1efe_10.1.2"},"C:\\Users\\parkj\\Documents\\School\\CPSC310\\Project\\cpsc310_team138\\src\\AST\\Filter.js":{"path":"C:\\Users\\parkj\\Documents\\School\\CPSC310\\Project\\cpsc310_team138\\src\\AST\\Filter.js","statementMap":{"0":{"start":{"line":2,"column":24},"end":{"line":2,"column":52}},"1":{"start":{"line":3,"column":20},"end":{"line":3,"column":44}},"2":{"start":{"line":4,"column":20},"end":{"line":4,"column":44}},"3":{"start":{"line":5,"column":17},"end":{"line":5,"column":38}},"4":{"start":{"line":6,"column":14},"end":{"line":66,"column":3}},"5":{"start":{"line":9,"column":4},"end":{"line":32,"column":6}},"6":{"start":{"line":10,"column":27},"end":{"line":10,"column":39}},"7":{"start":{"line":11,"column":8},"end":{"line":11,"column":81}},"8":{"start":{"line":12,"column":8},"end":{"line":15,"column":9}},"9":{"start":{"line":13,"column":12},"end":{"line":13,"column":52}},"10":{"start":{"line":14,"column":12},"end":{"line":14,"column":32}},"11":{"start":{"line":16,"column":8},"end":{"line":16,"column":72}},"12":{"start":{"line":17,"column":8},"end":{"line":20,"column":9}},"13":{"start":{"line":18,"column":12},"end":{"line":18,"column":49}},"14":{"start":{"line":19,"column":12},"end":{"line":19,"column":32}},"15":{"start":{"line":21,"column":8},"end":{"line":21,"column":81}},"16":{"start":{"line":22,"column":8},"end":{"line":25,"column":9}},"17":{"start":{"line":23,"column":12},"end":{"line":23,"column":52}},"18":{"start":{"line":24,"column":12},"end":{"line":24,"column":32}},"19":{"start":{"line":26,"column":8},"end":{"line":26,"column":93}},"20":{"start":{"line":27,"column":8},"end":{"line":30,"column":9}},"21":{"start":{"line":28,"column":12},"end":{"line":28,"column":56}},"22":{"start":{"line":29,"column":12},"end":{"line":29,"column":32}},"23":{"start":{"line":31,"column":8},"end":{"line":31,"column":20}},"24":{"start":{"line":33,"column":4},"end":{"line":48,"column":6}},"25":{"start":{"line":34,"column":8},"end":{"line":47,"column":9}},"26":{"start":{"line":36,"column":16},"end":{"line":36,"column":62}},"27":{"start":{"line":39,"column":16},"end":{"line":39,"column":59}},"28":{"start":{"line":42,"column":16},"end":{"line":42,"column":62}},"29":{"start":{"line":45,"column":16},"end":{"line":45,"column":66}},"30":{"start":{"line":49,"column":4},"end":{"line":64,"column":6}},"31":{"start":{"line":50,"column":8},"end":{"line":63,"column":9}},"32":{"start":{"line":52,"column":16},"end":{"line":52,"column":69}},"33":{"start":{"line":55,"column":16},"end":{"line":55,"column":66}},"34":{"start":{"line":58,"column":16},"end":{"line":58,"column":69}},"35":{"start":{"line":61,"column":16},"end":{"line":61,"column":73}},"36":{"start":{"line":65,"column":4},"end":{"line":65,"column":18}},"37":{"start":{"line":67,"column":0},"end":{"line":67,"column":24}}},"fnMap":{"0":{"name":"(anonymous_0)","decl":{"start":{"line":6,"column":14},"end":{"line":6,"column":15}},"loc":{"start":{"line":6,"column":26},"end":{"line":66,"column":1}}},"1":{"name":"Filter","decl":{"start":{"line":7,"column":13},"end":{"line":7,"column":19}},"loc":{"start":{"line":7,"column":22},"end":{"line":8,"column":5}}},"2":{"name":"(anonymous_2)","decl":{"start":{"line":9,"column":19},"end":{"line":9,"column":20}},"loc":{"start":{"line":9,"column":43},"end":{"line":32,"column":5}}},"3":{"name":"(anonymous_3)","decl":{"start":{"line":33,"column":32},"end":{"line":33,"column":33}},"loc":{"start":{"line":33,"column":55},"end":{"line":48,"column":5}}},"4":{"name":"(anonymous_4)","decl":{"start":{"line":49,"column":39},"end":{"line":49,"column":40}},"loc":{"start":{"line":49,"column":62},"end":{"line":64,"column":5}}}},"branchMap":{"0":{"loc":{"start":{"line":12,"column":8},"end":{"line":15,"column":9}},"type":"if","locations":[{"start":{"line":12,"column":8},"end":{"line":15,"column":9}},{"start":{"line":12,"column":8},"end":{"line":15,"column":9}}]},"1":{"loc":{"start":{"line":17,"column":8},"end":{"line":20,"column":9}},"type":"if","locations":[{"start":{"line":17,"column":8},"end":{"line":20,"column":9}},{"start":{"line":17,"column":8},"end":{"line":20,"column":9}}]},"2":{"loc":{"start":{"line":22,"column":8},"end":{"line":25,"column":9}},"type":"if","locations":[{"start":{"line":22,"column":8},"end":{"line":25,"column":9}},{"start":{"line":22,"column":8},"end":{"line":25,"column":9}}]},"3":{"loc":{"start":{"line":27,"column":8},"end":{"line":30,"column":9}},"type":"if","locations":[{"start":{"line":27,"column":8},"end":{"line":30,"column":9}},{"start":{"line":27,"column":8},"end":{"line":30,"column":9}}]},"4":{"loc":{"start":{"line":34,"column":8},"end":{"line":47,"column":9}},"type":"switch","locations":[{"start":{"line":35,"column":12},"end":{"line":37,"column":13}},{"start":{"line":38,"column":12},"end":{"line":40,"column":13}},{"start":{"line":41,"column":12},"end":{"line":43,"column":13}},{"start":{"line":44,"column":12},"end":{"line":46,"column":13}}]},"5":{"loc":{"start":{"line":50,"column":8},"end":{"line":63,"column":9}},"type":"switch","locations":[{"start":{"line":51,"column":12},"end":{"line":53,"column":13}},{"start":{"line":54,"column":12},"end":{"line":56,"column":13}},{"start":{"line":57,"column":12},"end":{"line":59,"column":13}},{"start":{"line":60,"column":12},"end":{"line":62,"column":13}}]}},"s":{"0":1,"1":1,"2":1,"3":1,"4":1,"5":1,"6":87,"7":87,"8":87,"9":26,"10":26,"11":61,"12":61,"13":10,"14":10,"15":51,"16":51,"17":38,"18":38,"19":13,"20":13,"21":10,"22":10,"23":3,"24":1,"25":37,"26":11,"27":2,"28":18,"29":6,"30":1,"31":4,"32":2,"33":1,"34":0,"35":1,"36":1,"37":1},"f":{"0":1,"1":87,"2":87,"3":37,"4":4},"b":{"0":[26,61],"1":[10,51],"2":[38,13],"3":[10,3],"4":[11,2,18,6],"5":[2,1,0,1]},"_coverageSchema":"332fd63041d2c1bcb487cc26dd0d5f7d97098a6c","hash":"fe223820aec5b8ba6541cdcaa4596cd15b80919a","contentHash":"634941e83c9b02ac69982dbed663a995_10.1.2"},"C:\\Users\\parkj\\Documents\\School\\CPSC310\\Project\\cpsc310_team138\\src\\AST\\LogicComparison.js":{"path":"C:\\Users\\parkj\\Documents\\School\\CPSC310\\Project\\cpsc310_team138\\src\\AST\\LogicComparison.js","statementMap":{"0":{"start":{"line":2,"column":14},"end":{"line":2,"column":32}},"1":{"start":{"line":3,"column":15},"end":{"line":3,"column":34}},"2":{"start":{"line":4,"column":23},"end":{"line":118,"column":3}},"3":{"start":{"line":7,"column":4},"end":{"line":45,"column":6}},"4":{"start":{"line":8,"column":19},"end":{"line":8,"column":47}},"5":{"start":{"line":9,"column":8},"end":{"line":11,"column":9}},"6":{"start":{"line":10,"column":12},"end":{"line":10,"column":24}},"7":{"start":{"line":12,"column":36},"end":{"line":12,"column":57}},"8":{"start":{"line":13,"column":8},"end":{"line":18,"column":9}},"9":{"start":{"line":14,"column":22},"end":{"line":14,"column":28}},"10":{"start":{"line":15,"column":12},"end":{"line":17,"column":13}},"11":{"start":{"line":16,"column":16},"end":{"line":16,"column":50}},"12":{"start":{"line":19,"column":8},"end":{"line":21,"column":9}},"13":{"start":{"line":20,"column":12},"end":{"line":20,"column":24}},"14":{"start":{"line":22,"column":28},"end":{"line":22,"column":30}},"15":{"start":{"line":23,"column":8},"end":{"line":44,"column":9}},"16":{"start":{"line":24,"column":26},"end":{"line":24,"column":70}},"17":{"start":{"line":25,"column":12},"end":{"line":33,"column":13}},"18":{"start":{"line":26,"column":16},"end":{"line":32,"column":17}},"19":{"start":{"line":27,"column":30},"end":{"line":27,"column":69}},"20":{"start":{"line":28,"column":20},"end":{"line":28,"column":44}},"21":{"start":{"line":31,"column":20},"end":{"line":31,"column":32}},"22":{"start":{"line":34,"column":12},"end":{"line":40,"column":13}},"23":{"start":{"line":35,"column":16},"end":{"line":35,"column":28}},"24":{"start":{"line":38,"column":16},"end":{"line":38,"column":62}},"25":{"start":{"line":39,"column":16},"end":{"line":39,"column":45}},"26":{"start":{"line":43,"column":12},"end":{"line":43,"column":24}},"27":{"start":{"line":46,"column":4},"end":{"line":81,"column":6}},"28":{"start":{"line":47,"column":19},"end":{"line":47,"column":23}},"29":{"start":{"line":48,"column":8},"end":{"line":80,"column":9}},"30":{"start":{"line":50,"column":34},"end":{"line":50,"column":71}},"31":{"start":{"line":51,"column":33},"end":{"line":51,"column":35}},"32":{"start":{"line":52,"column":16},"end":{"line":65,"column":17}},"33":{"start":{"line":53,"column":20},"end":{"line":64,"column":21}},"34":{"start":{"line":54,"column":44},"end":{"line":54,"column":81}},"35":{"start":{"line":55,"column":24},"end":{"line":61,"column":25}},"36":{"start":{"line":56,"column":28},"end":{"line":60,"column":29}},"37":{"start":{"line":57,"column":32},"end":{"line":59,"column":33}},"38":{"start":{"line":58,"column":36},"end":{"line":58,"column":70}},"39":{"start":{"line":62,"column":24},"end":{"line":62,"column":49}},"40":{"start":{"line":63,"column":24},"end":{"line":63,"column":40}},"41":{"start":{"line":66,"column":16},"end":{"line":66,"column":35}},"42":{"start":{"line":69,"column":32},"end":{"line":69,"column":41}},"43":{"start":{"line":70,"column":16},"end":{"line":77,"column":17}},"44":{"start":{"line":71,"column":40},"end":{"line":71,"column":77}},"45":{"start":{"line":72,"column":20},"end":{"line":76,"column":21}},"46":{"start":{"line":73,"column":24},"end":{"line":75,"column":25}},"47":{"start":{"line":74,"column":28},"end":{"line":74,"column":60}},"48":{"start":{"line":78,"column":16},"end":{"line":78,"column":45}},"49":{"start":{"line":82,"column":4},"end":{"line":116,"column":6}},"50":{"start":{"line":83,"column":8},"end":{"line":115,"column":9}},"51":{"start":{"line":85,"column":34},"end":{"line":85,"column":78}},"52":{"start":{"line":86,"column":33},"end":{"line":86,"column":35}},"53":{"start":{"line":87,"column":16},"end":{"line":100,"column":17}},"54":{"start":{"line":88,"column":20},"end":{"line":99,"column":21}},"55":{"start":{"line":89,"column":44},"end":{"line":89,"column":88}},"56":{"start":{"line":90,"column":24},"end":{"line":96,"column":25}},"57":{"start":{"line":91,"column":28},"end":{"line":95,"column":29}},"58":{"start":{"line":92,"column":32},"end":{"line":94,"column":33}},"59":{"start":{"line":93,"column":36},"end":{"line":93,"column":70}},"60":{"start":{"line":97,"column":24},"end":{"line":97,"column":49}},"61":{"start":{"line":98,"column":24},"end":{"line":98,"column":40}},"62":{"start":{"line":101,"column":16},"end":{"line":101,"column":35}},"63":{"start":{"line":104,"column":32},"end":{"line":104,"column":41}},"64":{"start":{"line":105,"column":16},"end":{"line":112,"column":17}},"65":{"start":{"line":106,"column":40},"end":{"line":106,"column":84}},"66":{"start":{"line":107,"column":20},"end":{"line":111,"column":21}},"67":{"start":{"line":108,"column":24},"end":{"line":110,"column":25}},"68":{"start":{"line":109,"column":28},"end":{"line":109,"column":60}},"69":{"start":{"line":113,"column":16},"end":{"line":113,"column":45}},"70":{"start":{"line":117,"column":4},"end":{"line":117,"column":27}},"71":{"start":{"line":119,"column":0},"end":{"line":119,"column":42}}},"fnMap":{"0":{"name":"(anonymous_0)","decl":{"start":{"line":4,"column":23},"end":{"line":4,"column":24}},"loc":{"start":{"line":4,"column":35},"end":{"line":118,"column":1}}},"1":{"name":"LogicComparison","decl":{"start":{"line":5,"column":13},"end":{"line":5,"column":28}},"loc":{"start":{"line":5,"column":31},"end":{"line":6,"column":5}}},"2":{"name":"(anonymous_2)","decl":{"start":{"line":7,"column":28},"end":{"line":7,"column":29}},"loc":{"start":{"line":7,"column":61},"end":{"line":45,"column":5}}},"3":{"name":"(anonymous_3)","decl":{"start":{"line":46,"column":41},"end":{"line":46,"column":42}},"loc":{"start":{"line":46,"column":64},"end":{"line":81,"column":5}}},"4":{"name":"(anonymous_4)","decl":{"start":{"line":82,"column":48},"end":{"line":82,"column":49}},"loc":{"start":{"line":82,"column":71},"end":{"line":116,"column":5}}}},"branchMap":{"0":{"loc":{"start":{"line":9,"column":8},"end":{"line":11,"column":9}},"type":"if","locations":[{"start":{"line":9,"column":8},"end":{"line":11,"column":9}},{"start":{"line":9,"column":8},"end":{"line":11,"column":9}}]},"1":{"loc":{"start":{"line":15,"column":12},"end":{"line":17,"column":13}},"type":"if","locations":[{"start":{"line":15,"column":12},"end":{"line":17,"column":13}},{"start":{"line":15,"column":12},"end":{"line":17,"column":13}}]},"2":{"loc":{"start":{"line":19,"column":8},"end":{"line":21,"column":9}},"type":"if","locations":[{"start":{"line":19,"column":8},"end":{"line":21,"column":9}},{"start":{"line":19,"column":8},"end":{"line":21,"column":9}}]},"3":{"loc":{"start":{"line":23,"column":8},"end":{"line":44,"column":9}},"type":"if","locations":[{"start":{"line":23,"column":8},"end":{"line":44,"column":9}},{"start":{"line":23,"column":8},"end":{"line":44,"column":9}}]},"4":{"loc":{"start":{"line":26,"column":16},"end":{"line":32,"column":17}},"type":"if","locations":[{"start":{"line":26,"column":16},"end":{"line":32,"column":17}},{"start":{"line":26,"column":16},"end":{"line":32,"column":17}}]},"5":{"loc":{"start":{"line":34,"column":12},"end":{"line":40,"column":13}},"type":"if","locations":[{"start":{"line":34,"column":12},"end":{"line":40,"column":13}},{"start":{"line":34,"column":12},"end":{"line":40,"column":13}}]},"6":{"loc":{"start":{"line":48,"column":8},"end":{"line":80,"column":9}},"type":"switch","locations":[{"start":{"line":49,"column":12},"end":{"line":67,"column":13}},{"start":{"line":68,"column":12},"end":{"line":79,"column":13}}]},"7":{"loc":{"start":{"line":52,"column":16},"end":{"line":65,"column":17}},"type":"if","locations":[{"start":{"line":52,"column":16},"end":{"line":65,"column":17}},{"start":{"line":52,"column":16},"end":{"line":65,"column":17}}]},"8":{"loc":{"start":{"line":57,"column":32},"end":{"line":59,"column":33}},"type":"if","locations":[{"start":{"line":57,"column":32},"end":{"line":59,"column":33}},{"start":{"line":57,"column":32},"end":{"line":59,"column":33}}]},"9":{"loc":{"start":{"line":73,"column":24},"end":{"line":75,"column":25}},"type":"if","locations":[{"start":{"line":73,"column":24},"end":{"line":75,"column":25}},{"start":{"line":73,"column":24},"end":{"line":75,"column":25}}]},"10":{"loc":{"start":{"line":83,"column":8},"end":{"line":115,"column":9}},"type":"switch","locations":[{"start":{"line":84,"column":12},"end":{"line":102,"column":13}},{"start":{"line":103,"column":12},"end":{"line":114,"column":13}}]},"11":{"loc":{"start":{"line":87,"column":16},"end":{"line":100,"column":17}},"type":"if","locations":[{"start":{"line":87,"column":16},"end":{"line":100,"column":17}},{"start":{"line":87,"column":16},"end":{"line":100,"column":17}}]},"12":{"loc":{"start":{"line":92,"column":32},"end":{"line":94,"column":33}},"type":"if","locations":[{"start":{"line":92,"column":32},"end":{"line":94,"column":33}},{"start":{"line":92,"column":32},"end":{"line":94,"column":33}}]},"13":{"loc":{"start":{"line":108,"column":24},"end":{"line":110,"column":25}},"type":"if","locations":[{"start":{"line":108,"column":24},"end":{"line":110,"column":25}},{"start":{"line":108,"column":24},"end":{"line":110,"column":25}}]}},"s":{"0":1,"1":1,"2":1,"3":1,"4":13,"5":13,"6":0,"7":13,"8":13,"9":26,"10":26,"11":11,"12":13,"13":2,"14":11,"15":11,"16":11,"17":11,"18":27,"19":26,"20":26,"21":1,"22":10,"23":0,"24":10,"25":10,"26":0,"27":1,"28":6,"29":6,"30":3,"31":3,"32":3,"33":3,"34":4,"35":4,"36":69061,"37":51112325,"38":548,"39":4,"40":4,"41":3,"42":3,"43":3,"44":9,"45":9,"46":932,"47":568,"48":3,"49":1,"50":1,"51":1,"52":1,"53":1,"54":1,"55":1,"56":1,"57":7,"58":21,"59":0,"60":1,"61":1,"62":1,"63":0,"64":0,"65":0,"66":0,"67":0,"68":0,"69":0,"70":1,"71":1},"f":{"0":1,"1":13,"2":13,"3":6,"4":1},"b":{"0":[0,13],"1":[11,15],"2":[2,11],"3":[11,0],"4":[26,1],"5":[0,10],"6":[3,3],"7":[3,0],"8":[548,51111777],"9":[568,364],"10":[1,0],"11":[1,0],"12":[0,21],"13":[0,0]},"_coverageSchema":"332fd63041d2c1bcb487cc26dd0d5f7d97098a6c","hash":"f8f8418a8329c6d94bd3caca46817827392256d9","contentHash":"fe28cbd01561f41b72f68c92662dfa14_10.1.2"},"C:\\Users\\parkj\\Documents\\School\\CPSC310\\Project\\cpsc310_team138\\src\\AST\\Logic.js":{"path":"C:\\Users\\parkj\\Documents\\School\\CPSC310\\Project\\cpsc310_team138\\src\\AST\\Logic.js","statementMap":{"0":{"start":{"line":2,"column":13},"end":{"line":6,"column":3}},"1":{"start":{"line":5,"column":4},"end":{"line":5,"column":17}},"2":{"start":{"line":7,"column":0},"end":{"line":7,"column":27}},"3":{"start":{"line":8,"column":0},"end":{"line":8,"column":22}}},"fnMap":{"0":{"name":"(anonymous_0)","decl":{"start":{"line":2,"column":13},"end":{"line":2,"column":14}},"loc":{"start":{"line":2,"column":25},"end":{"line":6,"column":1}}},"1":{"name":"Logic","decl":{"start":{"line":3,"column":13},"end":{"line":3,"column":18}},"loc":{"start":{"line":3,"column":21},"end":{"line":4,"column":5}}}},"branchMap":{},"s":{"0":1,"1":1,"2":1,"3":1},"f":{"0":1,"1":0},"b":{},"_coverageSchema":"332fd63041d2c1bcb487cc26dd0d5f7d97098a6c","hash":"17b74222740b4a8f9f21f8240a33def1f29a052f","contentHash":"c42a1b2168cfde9cbaeb413e79fbd531_10.1.2"},"C:\\Users\\parkj\\Documents\\School\\CPSC310\\Project\\cpsc310_team138\\src\\AST\\MComparison.js":{"path":"C:\\Users\\parkj\\Documents\\School\\CPSC310\\Project\\cpsc310_team138\\src\\AST\\MComparison.js","statementMap":{"0":{"start":{"line":2,"column":20},"end":{"line":2,"column":44}},"1":{"start":{"line":3,"column":14},"end":{"line":3,"column":32}},"2":{"start":{"line":4,"column":19},"end":{"line":173,"column":3}},"3":{"start":{"line":7,"column":4},"end":{"line":31,"column":6}},"4":{"start":{"line":8,"column":19},"end":{"line":8,"column":38}},"5":{"start":{"line":9,"column":8},"end":{"line":11,"column":9}},"6":{"start":{"line":10,"column":12},"end":{"line":10,"column":24}},"7":{"start":{"line":12,"column":32},"end":{"line":12,"column":49}},"8":{"start":{"line":13,"column":8},"end":{"line":18,"column":9}},"9":{"start":{"line":14,"column":22},"end":{"line":14,"column":28}},"10":{"start":{"line":15,"column":12},"end":{"line":17,"column":13}},"11":{"start":{"line":16,"column":16},"end":{"line":16,"column":52}},"12":{"start":{"line":19,"column":8},"end":{"line":21,"column":9}},"13":{"start":{"line":20,"column":12},"end":{"line":20,"column":24}},"14":{"start":{"line":22,"column":8},"end":{"line":22,"column":99}},"15":{"start":{"line":23,"column":8},"end":{"line":25,"column":9}},"16":{"start":{"line":24,"column":12},"end":{"line":24,"column":24}},"17":{"start":{"line":26,"column":8},"end":{"line":28,"column":9}},"18":{"start":{"line":27,"column":12},"end":{"line":27,"column":24}},"19":{"start":{"line":29,"column":8},"end":{"line":29,"column":99}},"20":{"start":{"line":30,"column":8},"end":{"line":30,"column":33}},"21":{"start":{"line":32,"column":4},"end":{"line":101,"column":6}},"22":{"start":{"line":33,"column":8},"end":{"line":100,"column":9}},"23":{"start":{"line":34,"column":26},"end":{"line":34,"column":28}},"24":{"start":{"line":35,"column":27},"end":{"line":35,"column":52}},"25":{"start":{"line":36,"column":12},"end":{"line":64,"column":13}},"26":{"start":{"line":38,"column":20},"end":{"line":43,"column":21}},"27":{"start":{"line":39,"column":49},"end":{"line":39,"column":76}},"28":{"start":{"line":40,"column":24},"end":{"line":42,"column":25}},"29":{"start":{"line":41,"column":28},"end":{"line":41,"column":54}},"30":{"start":{"line":44,"column":20},"end":{"line":44,"column":26}},"31":{"start":{"line":47,"column":20},"end":{"line":52,"column":21}},"32":{"start":{"line":48,"column":49},"end":{"line":48,"column":76}},"33":{"start":{"line":49,"column":24},"end":{"line":51,"column":25}},"34":{"start":{"line":50,"column":28},"end":{"line":50,"column":54}},"35":{"start":{"line":53,"column":20},"end":{"line":53,"column":26}},"36":{"start":{"line":56,"column":20},"end":{"line":61,"column":21}},"37":{"start":{"line":57,"column":49},"end":{"line":57,"column":76}},"38":{"start":{"line":58,"column":24},"end":{"line":60,"column":25}},"39":{"start":{"line":59,"column":28},"end":{"line":59,"column":54}},"40":{"start":{"line":62,"column":20},"end":{"line":62,"column":26}},"41":{"start":{"line":65,"column":12},"end":{"line":65,"column":27}},"42":{"start":{"line":68,"column":29},"end":{"line":68,"column":56}},"43":{"start":{"line":69,"column":26},"end":{"line":69,"column":28}},"44":{"start":{"line":70,"column":12},"end":{"line":98,"column":13}},"45":{"start":{"line":72,"column":20},"end":{"line":77,"column":21}},"46":{"start":{"line":73,"column":49},"end":{"line":73,"column":78}},"47":{"start":{"line":74,"column":24},"end":{"line":76,"column":25}},"48":{"start":{"line":75,"column":28},"end":{"line":75,"column":56}},"49":{"start":{"line":78,"column":20},"end":{"line":78,"column":26}},"50":{"start":{"line":81,"column":20},"end":{"line":86,"column":21}},"51":{"start":{"line":82,"column":49},"end":{"line":82,"column":78}},"52":{"start":{"line":83,"column":24},"end":{"line":85,"column":25}},"53":{"start":{"line":84,"column":28},"end":{"line":84,"column":56}},"54":{"start":{"line":87,"column":20},"end":{"line":87,"column":26}},"55":{"start":{"line":90,"column":20},"end":{"line":95,"column":21}},"56":{"start":{"line":91,"column":49},"end":{"line":91,"column":78}},"57":{"start":{"line":92,"column":24},"end":{"line":94,"column":25}},"58":{"start":{"line":93,"column":28},"end":{"line":93,"column":56}},"59":{"start":{"line":96,"column":20},"end":{"line":96,"column":26}},"60":{"start":{"line":99,"column":12},"end":{"line":99,"column":27}},"61":{"start":{"line":102,"column":4},"end":{"line":171,"column":6}},"62":{"start":{"line":103,"column":8},"end":{"line":170,"column":9}},"63":{"start":{"line":104,"column":26},"end":{"line":104,"column":28}},"64":{"start":{"line":105,"column":27},"end":{"line":105,"column":52}},"65":{"start":{"line":106,"column":12},"end":{"line":134,"column":13}},"66":{"start":{"line":108,"column":20},"end":{"line":113,"column":21}},"67":{"start":{"line":109,"column":49},"end":{"line":109,"column":76}},"68":{"start":{"line":110,"column":24},"end":{"line":112,"column":25}},"69":{"start":{"line":111,"column":28},"end":{"line":111,"column":54}},"70":{"start":{"line":114,"column":20},"end":{"line":114,"column":26}},"71":{"start":{"line":117,"column":20},"end":{"line":122,"column":21}},"72":{"start":{"line":118,"column":49},"end":{"line":118,"column":76}},"73":{"start":{"line":119,"column":24},"end":{"line":121,"column":25}},"74":{"start":{"line":120,"column":28},"end":{"line":120,"column":54}},"75":{"start":{"line":123,"column":20},"end":{"line":123,"column":26}},"76":{"start":{"line":126,"column":20},"end":{"line":131,"column":21}},"77":{"start":{"line":127,"column":49},"end":{"line":127,"column":76}},"78":{"start":{"line":128,"column":24},"end":{"line":130,"column":25}},"79":{"start":{"line":129,"column":28},"end":{"line":129,"column":54}},"80":{"start":{"line":132,"column":20},"end":{"line":132,"column":26}},"81":{"start":{"line":135,"column":12},"end":{"line":135,"column":27}},"82":{"start":{"line":138,"column":29},"end":{"line":138,"column":56}},"83":{"start":{"line":139,"column":26},"end":{"line":139,"column":28}},"84":{"start":{"line":140,"column":12},"end":{"line":168,"column":13}},"85":{"start":{"line":142,"column":20},"end":{"line":147,"column":21}},"86":{"start":{"line":143,"column":49},"end":{"line":143,"column":78}},"87":{"start":{"line":144,"column":24},"end":{"line":146,"column":25}},"88":{"start":{"line":145,"column":28},"end":{"line":145,"column":56}},"89":{"start":{"line":148,"column":20},"end":{"line":148,"column":26}},"90":{"start":{"line":151,"column":20},"end":{"line":156,"column":21}},"91":{"start":{"line":152,"column":49},"end":{"line":152,"column":78}},"92":{"start":{"line":153,"column":24},"end":{"line":155,"column":25}},"93":{"start":{"line":154,"column":28},"end":{"line":154,"column":56}},"94":{"start":{"line":157,"column":20},"end":{"line":157,"column":26}},"95":{"start":{"line":160,"column":20},"end":{"line":165,"column":21}},"96":{"start":{"line":161,"column":49},"end":{"line":161,"column":78}},"97":{"start":{"line":162,"column":24},"end":{"line":164,"column":25}},"98":{"start":{"line":163,"column":28},"end":{"line":163,"column":56}},"99":{"start":{"line":166,"column":20},"end":{"line":166,"column":26}},"100":{"start":{"line":169,"column":12},"end":{"line":169,"column":27}},"101":{"start":{"line":172,"column":4},"end":{"line":172,"column":23}},"102":{"start":{"line":174,"column":0},"end":{"line":174,"column":34}}},"fnMap":{"0":{"name":"(anonymous_0)","decl":{"start":{"line":4,"column":19},"end":{"line":4,"column":20}},"loc":{"start":{"line":4,"column":31},"end":{"line":173,"column":1}}},"1":{"name":"MComparison","decl":{"start":{"line":5,"column":13},"end":{"line":5,"column":24}},"loc":{"start":{"line":5,"column":27},"end":{"line":6,"column":5}}},"2":{"name":"(anonymous_2)","decl":{"start":{"line":7,"column":24},"end":{"line":7,"column":25}},"loc":{"start":{"line":7,"column":48},"end":{"line":31,"column":5}}},"3":{"name":"(anonymous_3)","decl":{"start":{"line":32,"column":37},"end":{"line":32,"column":38}},"loc":{"start":{"line":32,"column":60},"end":{"line":101,"column":5}}},"4":{"name":"(anonymous_4)","decl":{"start":{"line":102,"column":44},"end":{"line":102,"column":45}},"loc":{"start":{"line":102,"column":67},"end":{"line":171,"column":5}}}},"branchMap":{"0":{"loc":{"start":{"line":9,"column":8},"end":{"line":11,"column":9}},"type":"if","locations":[{"start":{"line":9,"column":8},"end":{"line":11,"column":9}},{"start":{"line":9,"column":8},"end":{"line":11,"column":9}}]},"1":{"loc":{"start":{"line":15,"column":12},"end":{"line":17,"column":13}},"type":"if","locations":[{"start":{"line":15,"column":12},"end":{"line":17,"column":13}},{"start":{"line":15,"column":12},"end":{"line":17,"column":13}}]},"2":{"loc":{"start":{"line":19,"column":8},"end":{"line":21,"column":9}},"type":"if","locations":[{"start":{"line":19,"column":8},"end":{"line":21,"column":9}},{"start":{"line":19,"column":8},"end":{"line":21,"column":9}}]},"3":{"loc":{"start":{"line":23,"column":8},"end":{"line":25,"column":9}},"type":"if","locations":[{"start":{"line":23,"column":8},"end":{"line":25,"column":9}},{"start":{"line":23,"column":8},"end":{"line":25,"column":9}}]},"4":{"loc":{"start":{"line":26,"column":8},"end":{"line":28,"column":9}},"type":"if","locations":[{"start":{"line":26,"column":8},"end":{"line":28,"column":9}},{"start":{"line":26,"column":8},"end":{"line":28,"column":9}}]},"5":{"loc":{"start":{"line":33,"column":8},"end":{"line":100,"column":9}},"type":"if","locations":[{"start":{"line":33,"column":8},"end":{"line":100,"column":9}},{"start":{"line":33,"column":8},"end":{"line":100,"column":9}}]},"6":{"loc":{"start":{"line":36,"column":12},"end":{"line":64,"column":13}},"type":"switch","locations":[{"start":{"line":37,"column":16},"end":{"line":45,"column":17}},{"start":{"line":46,"column":16},"end":{"line":54,"column":17}},{"start":{"line":55,"colu
[...]
80":{"start":{"line":117,"column":24},"end":{"line":117,"column":37}},"81":{"start":{"line":118,"column":12},"end":{"line":118,"column":68}},"82":{"start":{"line":121,"column":4},"end":{"line":124,"column":6}},"83":{"start":{"line":122,"column":8},"end":{"line":122,"column":51}},"84":{"start":{"line":123,"column":8},"end":{"line":123,"column":47}},"85":{"start":{"line":125,"column":4},"end":{"line":125,"column":23}},"86":{"start":{"line":127,"column":0},"end":{"line":127,"column":48}},"87":{"start":{"line":128,"column":0},"end":{"line":128,"column":52}},"88":{"start":{"line":129,"column":0},"end":{"line":129,"column":62}},"89":{"start":{"line":130,"column":0},"end":{"line":130,"column":30}}},"fnMap":{"0":{"name":"(anonymous_0)","decl":{"start":{"line":6,"column":19},"end":{"line":6,"column":20}},"loc":{"start":{"line":6,"column":31},"end":{"line":126,"column":1}}},"1":{"name":"DataStorage","decl":{"start":{"line":7,"column":13},"end":{"line":7,"column":24}},"loc":{"start":{"line":7,"column":27},"end":{"line":10,"column":5}}},"2":{"name":"(anonymous_2)","decl":{"start":{"line":11,"column":40},"end":{"line":11,"column":41}},"loc":{"start":{"line":11,"column":52},"end":{"line":19,"column":5}}},"3":{"name":"(anonymous_3)","decl":{"start":{"line":20,"column":42},"end":{"line":20,"column":43}},"loc":{"start":{"line":20,"column":54},"end":{"line":28,"column":5}}},"4":{"name":"(anonymous_4)","decl":{"start":{"line":29,"column":36},"end":{"line":29,"column":37}},"loc":{"start":{"line":29,"column":48},"end":{"line":34,"column":5}}},"5":{"name":"(anonymous_5)","decl":{"start":{"line":35,"column":38},"end":{"line":35,"column":39}},"loc":{"start":{"line":35,"column":50},"end":{"line":40,"column":5}}},"6":{"name":"(anonymous_6)","decl":{"start":{"line":41,"column":38},"end":{"line":41,"column":39}},"loc":{"start":{"line":41,"column":52},"end":{"line":46,"column":5}}},"7":{"name":"(anonymous_7)","decl":{"start":{"line":47,"column":40},"end":{"line":47,"column":41}},"loc":{"start":{"line":47,"column":54},"end":{"line":52,"column":5}}},"8":{"name":"(anonymous_8)","decl":{"start":{"line":53,"column":41},"end":{"line":53,"column":42}},"loc":{"start":{"line":53,"column":55},"end":{"line":60,"column":5}}},"9":{"name":"(anonymous_9)","decl":{"start":{"line":61,"column":43},"end":{"line":61,"column":44}},"loc":{"start":{"line":61,"column":57},"end":{"line":68,"column":5}}},"10":{"name":"(anonymous_10)","decl":{"start":{"line":69,"column":44},"end":{"line":69,"column":45}},"loc":{"start":{"line":69,"column":70},"end":{"line":71,"column":5}}},"11":{"name":"(anonymous_11)","decl":{"start":{"line":72,"column":46},"end":{"line":72,"column":47}},"loc":{"start":{"line":72,"column":74},"end":{"line":74,"column":5}}},"12":{"name":"(anonymous_12)","decl":{"start":{"line":75,"column":47},"end":{"line":75,"column":48}},"loc":{"start":{"line":75,"column":59},"end":{"line":87,"column":5}}},"13":{"name":"(anonymous_13)","decl":{"start":{"line":77,"column":30},"end":{"line":77,"column":31}},"loc":{"start":{"line":77,"column":52},"end":{"line":80,"column":9}}},"14":{"name":"(anonymous_14)","decl":{"start":{"line":82,"column":77},"end":{"line":82,"column":78}},"loc":{"start":{"line":82,"column":92},"end":{"line":86,"column":9}}},"15":{"name":"(anonymous_15)","decl":{"start":{"line":88,"column":49},"end":{"line":88,"column":50}},"loc":{"start":{"line":88,"column":61},"end":{"line":100,"column":5}}},"16":{"name":"(anonymous_16)","decl":{"start":{"line":90,"column":32},"end":{"line":90,"column":33}},"loc":{"start":{"line":90,"column":54},"end":{"line":93,"column":9}}},"17":{"name":"(anonymous_17)","decl":{"start":{"line":95,"column":81},"end":{"line":95,"column":82}},"loc":{"start":{"line":95,"column":96},"end":{"line":99,"column":9}}},"18":{"name":"(anonymous_18)","decl":{"start":{"line":101,"column":56},"end":{"line":101,"column":57}},"loc":{"start":{"line":101,"column":68},"end":{"line":104,"column":5}}},"19":{"name":"(anonymous_19)","decl":{"start":{"line":105,"column":60},"end":{"line":105,"column":61}},"loc":{"start":{"line":105,"column":72},"end":{"line":112,"column":5}}},"20":{"name":"(anonymous_20)","decl":{"start":{"line":113,"column":64},"end":{"line":113,"column":65}},"loc":{"start":{"line":113,"column":76},"end":{"line":120,"column":5}}},"21":{"name":"(anonymous_21)","decl":{"start":{"line":121,"column":56},"end":{"line":121,"column":57}},"loc":{"start":{"line":121,"column":68},"end":{"line":124,"column":5}}}},"branchMap":{"0":{"loc":{"start":{"line":30,"column":8},"end":{"line":32,"column":9}},"type":"if","locations":[{"start":{"line":30,"column":8},"end":{"line":32,"column":9}},{"start":{"line":30,"column":8},"end":{"line":32,"column":9}}]},"1":{"loc":{"start":{"line":36,"column":8},"end":{"line":38,"column":9}},"type":"if","locations":[{"start":{"line":36,"column":8},"end":{"line":38,"column":9}},{"start":{"line":36,"column":8},"end":{"line":38,"column":9}}]},"2":{"loc":{"start":{"line":42,"column":8},"end":{"line":44,"column":9}},"type":"if","locations":[{"start":{"line":42,"column":8},"end":{"line":44,"column":9}},{"start":{"line":42,"column":8},"end":{"line":44,"column":9}}]},"3":{"loc":{"start":{"line":48,"column":8},"end":{"line":50,"column":9}},"type":"if","locations":[{"start":{"line":48,"column":8},"end":{"line":50,"column":9}},{"start":{"line":48,"column":8},"end":{"line":50,"column":9}}]},"4":{"loc":{"start":{"line":54,"column":8},"end":{"line":59,"column":9}},"type":"if","locations":[{"start":{"line":54,"column":8},"end":{"line":59,"column":9}},{"start":{"line":54,"column":8},"end":{"line":59,"column":9}}]},"5":{"loc":{"start":{"line":62,"column":8},"end":{"line":67,"column":9}},"type":"if","locations":[{"start":{"line":62,"column":8},"end":{"line":67,"column":9}},{"start":{"line":62,"column":8},"end":{"line":67,"column":9}}]},"6":{"loc":{"start":{"line":83,"column":12},"end":{"line":85,"column":13}},"type":"if","locations":[{"start":{"line":83,"column":12},"end":{"line":85,"column":13}},{"start":{"line":83,"column":12},"end":{"line":85,"column":13}}]},"7":{"loc":{"start":{"line":96,"column":12},"end":{"line":98,"column":13}},"type":"if","locations":[{"start":{"line":96,"column":12},"end":{"line":98,"column":13}},{"start":{"line":96,"column":12},"end":{"line":98,"column":13}}]}},"s":{"0":1,"1":1,"2":1,"3":1,"4":1,"5":62,"6":62,"7":1,"8":14,"9":14,"10":14,"11":14,"12":14,"13":14,"14":1,"15":17,"16":17,"17":17,"18":17,"19":17,"20":17,"21":1,"22":11,"23":9,"24":2,"25":1,"26":11,"27":11,"28":0,"29":1,"30":17,"31":1,"32":16,"33":1,"34":14,"35":9,"36":5,"37":1,"38":0,"39":0,"40":0,"41":1,"42":2,"43":1,"44":1,"45":1,"46":17,"47":1,"48":12,"49":1,"50":19,"51":19,"52":17,"53":17,"54":19,"55":19,"56":18,"57":0,"58":1,"59":14,"60":14,"61":13,"62":13,"63":14,"64":14,"65":14,"66":0,"67":1,"68":2,"69":2,"70":1,"71":29,"72":0,"73":0,"74":0,"75":0,"76":1,"77":62,"78":29,"79":29,"80":29,"81":29,"82":1,"83":62,"84":29,"85":1,"86":1,"87":1,"88":1,"89":1},"f":{"0":1,"1":62,"2":14,"3":17,"4":11,"5":11,"6":17,"7":14,"8":0,"9":2,"10":17,"11":12,"12":19,"13":17,"14":18,"15":14,"16":13,"17":14,"18":2,"19":29,"20":62,"21":62},"b":{"0":[9,2],"1":[11,0],"2":[1,16],"3":[9,5],"4":[0,0],"5":[1,1],"6":[0,18],"7":[0,14]},"_coverageSchema":"332fd63041d2c1bcb487cc26dd0d5f7d97098a6c","hash":"8076cdc7c8ec8a3300077521abe48cc68e671f07","contentHash":"53c88fe6ad027331cbeab67dd5da6ff6_10.1.2"},"C:\\Users\\parkj\\Documents\\School\\CPSC310\\Project\\cpsc310_team138\\src\\model\\AllDataSet.js":{"path":"C:\\Users\\parkj\\Documents\\School\\CPSC310\\Project\\cpsc310_team138\\src\\model\\AllDataSet.js","statementMap":{"0":{"start":{"line":2,"column":18},"end":{"line":21,"column":3}},"1":{"start":{"line":4,"column":8},"end":{"line":4,"column":34}},"2":{"start":{"line":6,"column":4},"end":{"line":8,"column":6}},"3":{"start":{"line":7,"column":8},"end":{"line":7,"column":35}},"4":{"start":{"line":9,"column":4},"end":{"line":16,"column":6}},"5":{"start":{"line":10,"column":8},"end":{"line":15,"column":11}},"6":{"start":{"line":11,"column":12},"end":{"line":14,"column":13}},"7":{"start":{"line":12,"column":16},"end":{"line":12,"column":43}},"8":{"start":{"line":13,"column":16},"end":{"line":13,"column":23}},"9":{"start":{"line":17,"column":4},"end":{"line":19,"column":6}},"10":{"start":{"line":18,"column":8},"end":{"line":18,"column":41}},"11":{"start":{"line":20,"column":4},"end":{"line":20,"column":22}},"12":{"start":{"line":22,"column":0},"end":{"line":22,"column":62}},"13":{"start":{"line":23,"column":0},"end":{"line":23,"column":29}}},"fnMap":{"0":{"name":"(anonymous_0)","decl":{"start":{"line":2,"column":18},"end":{"line":2,"column":19}},"loc":{"start":{"line":2,"column":30},"end":{"line":21,"column":1}}},"1":{"name":"AllDataSet","decl":{"start":{"line":3,"column":13},"end":{"line":3,"column":23}},"loc":{"start":{"line":3,"column":26},"end":{"line":5,"column":5}}},"2":{"name":"(anonymous_2)","decl":{"start":{"line":6,"column":38},"end":{"line":6,"column":39}},"loc":{"start":{"line":6,"column":57},"end":{"line":8,"column":5}}},"3":{"name":"(anonymous_3)","decl":{"start":{"line":9,"column":41},"end":{"line":9,"column":42}},"loc":{"start":{"line":9,"column":60},"end":{"line":16,"column":5}}},"4":{"name":"(anonymous_4)","decl":{"start":{"line":10,"column":30},"end":{"line":10,"column":31}},"loc":{"start":{"line":10,"column":46},"end":{"line":15,"column":9}}},"5":{"name":"(anonymous_5)","decl":{"start":{"line":17,"column":46},"end":{"line":17,"column":47}},"loc":{"start":{"line":17,"column":58},"end":{"line":19,"column":5}}}},"branchMap":{"0":{"loc":{"start":{"line":11,"column":12},"end":{"line":14,"column":13}},"type":"if","locations":[{"start":{"line":11,"column":12},"end":{"line":14,"column":13}},{"start":{"line":11,"column":12},"end":{"line":14,"column":13}}]}},"s":{"0":1,"1":33,"2":1,"3":30,"4":1,"5":0,"6":0,"7":0,"8":0,"9":1,"10":33,"11":1,"12":1,"13":1},"f":{"0":1,"1":33,"2":30,"3":0,"4":0,"5":33},"b":{"0":[0,0]},"_coverageSchema":"332fd63041d2c1bcb487cc26dd0d5f7d97098a6c","hash":"8f5e65f89324f8aa75abd84237b9988921863a56","contentHash":"10cf380d71b9f171cc7e9bcb9c970626_10.1.2"},"C:\\Users\\parkj\\Documents\\School\\CPSC310\\Project\\cpsc310_team138\\src\\model\\RoomSet.js":{"path":"C:\\Users\\parkj\\Documents\\School\\CPSC310\\Project\\cpsc310_team138\\src\\model\\RoomSet.js","statementMap":{"0":{"start":{"line":2,"column":16},"end":{"line":6,"column":1}},"1":{"start":{"line":3,"column":4},"end":{"line":3,"column":58}},"2":{"start":{"line":3,"column":21},"end":{"line":3,"column":58}},"3":{"start":{"line":3,"column":46},"end":{"line":3,"column":58}},"4":{"start":{"line":4,"column":20},"end":{"line":4,"column":41}},"5":{"start":{"line":5,"column":4},"end":{"line":5,"column":89}},"6":{"start":{"line":7,"column":16},"end":{"line":7,"column":36}},"7":{"start":{"line":8,"column":15},"end":{"line":26,"column":20}},"8":{"start":{"line":9,"column":4},"end":{"line":9,"column":31}},"9":{"start":{"line":11,"column":20},"end":{"line":11,"column":58}},"10":{"start":{"line":12,"column":8},"end":{"line":12,"column":29}},"11":{"start":{"line":13,"column":8},"end":{"line":13,"column":21}},"12":{"start":{"line":15,"column":4},"end":{"line":24,"column":7}},"13":{"start":{"line":17,"column":12},"end":{"line":17,"column":31}},"14":{"start":{"line":20,"column":12},"end":{"line":20,"column":32}},"15":{"start":{"line":25,"column":4},"end":{"line":25,"column":19}},"16":{"start":{"line":27,"column":0},"end":{"line":27,"column":62}},"17":{"start":{"line":28,"column":0},"end":{"line":28,"column":26}}},"fnMap":{"0":{"name":"(anonymous_0)","decl":{"start":{"line":2,"column":44},"end":{"line":2,"column":45}},"loc":{"start":{"line":2,"column":60},"end":{"line":6,"column":1}}},"1":{"name":"__","decl":{"start":{"line":4,"column":13},"end":{"line":4,"column":15}},"loc":{"start":{"line":4,"column":18},"end":{"line":4,"column":43}}},"2":{"name":"(anonymous_2)","decl":{"start":{"line":8,"column":15},"end":{"line":8,"column":16}},"loc":{"start":{"line":8,"column":33},"end":{"line":26,"column":1}}},"3":{"name":"RoomSet","decl":{"start":{"line":10,"column":13},"end":{"line":10,"column":20}},"loc":{"start":{"line":10,"column":32},"end":{"line":14,"column":5}}},"4":{"name":"(anonymous_4)","decl":{"start":{"line":16,"column":13},"end":{"line":16,"column":14}},"loc":{"start":{"line":16,"column":25},"end":{"line":18,"column":9}}},"5":{"name":"(anonymous_5)","decl":{"start":{"line":19,"column":13},"end":{"line":19,"column":14}},"loc":{"start":{"line":19,"column":30},"end":{"line":21,"column":9}}}},"branchMap":{"0":{"loc":{"start":{"line":2,"column":16},"end":{"line":6,"column":1}},"type":"binary-expr","locations":[{"start":{"line":2,"column":17},"end":{"line":2,"column":21}},{"start":{"line":2,"column":25},"end":{"line":2,"column":39}},{"start":{"line":2,"column":44},"end":{"line":6,"column":1}}]},"1":{"loc":{"start":{"line":3,"column":21},"end":{"line":3,"column":58}},"type":"if","locations":[{"start":{"line":3,"column":21},"end":{"line":3,"column":58}},{"start":{"line":3,"column":21},"end":{"line":3,"column":58}}]},"2":{"loc":{"start":{"line":5,"column":18},"end":{"line":5,"column":88}},"type":"cond-expr","locations":[{"start":{"line":5,"column":31},"end":{"line":5,"column":47}},{"start":{"line":5,"column":51},"end":{"line":5,"column":87}}]},"3":{"loc":{"start":{"line":11,"column":20},"end":{"line":11,"column":58}},"type":"binary-expr","locations":[{"start":{"line":11,"column":20},"end":{"line":11,"column":50}},{"start":{"line":11,"column":54},"end":{"line":11,"column":58}}]}},"s":{"0":1,"1":1,"2":0,"3":0,"4":1,"5":1,"6":1,"7":1,"8":1,"9":17,"10":17,"11":17,"12":1,"13":0,"14":0,"15":1,"16":1,"17":1},"f":{"0":1,"1":1,"2":1,"3":17,"4":0,"5":0},"b":{"0":[1,1,1],"1":[0,0],"2":[0,1],"3":[17,17]},"_coverageSchema":"332fd63041d2c1bcb487cc26dd0d5f7d97098a6c","hash":"2b54037165952ee615158b96c47d7571450ed1f9","contentHash":"1e6726d92e436206badaaf13e95a0241_10.1.2"},"C:\\Users\\parkj\\Documents\\School\\CPSC310\\Project\\cpsc310_team138\\src\\model\\DataSet.js":{"path":"C:\\Users\\parkj\\Documents\\School\\CPSC310\\Project\\cpsc310_team138\\src\\model\\DataSet.js","statementMap":{"0":{"start":{"line":2,"column":15},"end":{"line":28,"column":3}},"1":{"start":{"line":4,"column":8},"end":{"line":4,"column":22}},"2":{"start":{"line":5,"column":8},"end":{"line":5,"column":30}},"3":{"start":{"line":7,"column":4},"end":{"line":16,"column":7}},"4":{"start":{"line":9,"column":12},"end":{"line":9,"column":28}},"5":{"start":{"line":12,"column":12},"end":{"line":12,"column":29}},"6":{"start":{"line":17,"column":4},"end":{"line":26,"column":7}},"7":{"start":{"line":19,"column":12},"end":{"line":19,"column":34}},"8":{"start":{"line":22,"column":12},"end":{"line":22,"column":35}},"9":{"start":{"line":27,"column":4},"end":{"line":27,"column":19}},"10":{"start":{"line":29,"column":0},"end":{"line":29,"column":26}}},"fnMap":{"0":{"name":"(anonymous_0)","decl":{"start":{"line":2,"column":15},"end":{"line":2,"column":16}},"loc":{"start":{"line":2,"column":27},"end":{"line":28,"column":1}}},"1":{"name":"DataSet","decl":{"start":{"line":3,"column":13},"end":{"line":3,"column":20}},"loc":{"start":{"line":3,"column":31},"end":{"line":6,"column":5}}},"2":{"name":"(anonymous_2)","decl":{"start":{"line":8,"column":13},"end":{"line":8,"column":14}},"loc":{"start":{"line":8,"column":25},"end":{"line":10,"column":9}}},"3":{"name":"(anonymous_3)","decl":{"start":{"line":11,"column":13},"end":{"line":11,"column":14}},"loc":{"start":{"line":11,"column":30},"end":{"line":13,"column":9}}},"4":{"name":"(anonymous_4)","decl":{"start":{"line":18,"column":13},"end":{"line":18,"column":14}},"loc":{"start":{"line":18,"column":25},"end":{"line":20,"column":9}}},"5":{"name":"(anonymous_5)","decl":{"start":{"line":21,"column":13},"end":{"line":21,"column":14}},"loc":{"start":{"line":21,"column":30},"end":{"line":23,"column":9}}}},"branchMap":{},"s":{"0":1,"1":30,"2":30,"3":1,"4":0,"5":0,"6":1,"7":0,"8":0,"9":1,"10":1},"f":{"0":1,"1":30,"2":0,"3":0,"4":0,"5":0},"b":{},"_coverageSchema":"332fd63041d2c1bcb487cc26dd0d5f7d97098a6c","hash":"977e4e09c736d2fb8d38e1c73a6bcd6f81a4d04e","contentHash":"dffdb503005f8dac7d2c9808f06cb036_10.1.2"},"C:\\Users\\parkj\\Documents\\School\\CPSC310\\Project\\cpsc310_team138\\src\\model\\CourseSet.js":{"path":"C:\\Users\\parkj\\Documents\\School\\CPSC310\\Project\\cpsc310_team138\\src\\model\\CourseSet.js","statementMap":{"0":{"start":{"line":2,"column":16},"end":{"line":6,"column":1}},"1":{"start":{"line":3,"column":4},"end":{"line":3,"column":58}},"2":{"start":{"line":3,"column":21},"end":{"line":3,"column":58}},"3":{"start":{"line":3,"column":46},"end":{"line":3,"column":58}},"4":{"start":{"line":4,"column":20},"end":{"line":4,"column":41}},"5":{"start":{"line":5,"column":4},"end":{"line":5,"column":89}},"6":{"start":{"line":7,"column":16},"end":{"line":7,"column":36}},"7":{"start":{"line":8,"column":17},"end":{"line":26,"column":20}},"8":{"start":{"line":9,"column":4},"end":{"line":9,"column":33}},"9":{"start":{"line":11,"column":20},"end":{"line":11,"column":60}},"10":{"start":{"line":12,"column":8},"end":{"line":12,"column":33}},"11":{"start":{"line":13,"column":8},"end":{"line":13,"column":21}},"12":{"start":{"line":15,"column":4},"end":{"line":24,"column":7}},"13":{"start":{"line":17,"column":12},"end":{"line":17,"column":33}},"14":{"start":{"line":20,"column":12},"end":{"line":20,"column":34}},"15":{"start":{"line":25,"column":4},"end":{"line":25,"column":21}},"16":{"start":{"line":27,"column":0},"end":{"line":27,"column":62}},"17":{"start":{"line":28,"column":0},"end":{"line":28,"column":28}}},"fnMap":{"0":{"name":"(anonymous_0)","decl":{"start":{"line":2,"column":44},"end":{"line":2,"column":45}},"loc":{"start":{"line":2,"column":60},"end":{"line":6,"column":1}}},"1":{"name":"__","decl":{"start":{"line":4,"column":13},"end":{"line":4,"column":15}},"loc":{"start":{"line":4,"column":18},"end":{"line":4,"column":43}}},"2":{"name":"(anonymous_2)","decl":{"start":{"line":8,"column":17},"end":{"line":8,"column":18}},"loc":{"start":{"line":8,"column":35},"end":{"line":26,"column":1}}},"3":{"name":"CourseSet","decl":{"start":{"line":10,"column":13},"end":{"line":10,"column":22}},"loc":{"start":{"line":10,"column":36},"end":{"line":14,"column":5}}},"4":{"name":"(anonymous_4)","decl":{"start":{"line":16,"column":13},"end":{"line":16,"column":14}},"loc":{"start":{"line":16,"column":25},"end":{"line":18,"column":9}}},"5":{"name":"(anonymous_5)","decl":{"start":{"line":19,"column":13},"end":{"line":19,"column":14}},"loc":{"start":{"line":19,"column":30},"end":{"line":21,"column":9}}}},"branchMap":{"0":{"loc":{"start":{"line":2,"column":16},"end":{"line":6,"column":1}},"type":"binary-expr","locations":[{"start":{"line":2,"column":17},"end":{"line":2,"column":21}},{"start":{"line":2,"column":25},"end":{"line":2,"column":39}},{"start":{"line":2,"column":44},"end":{"line":6,"column":1}}]},"1":{"loc":{"start":{"line":3,"column":21},"end":{"line":3,"column":58}},"type":"if","locations":[{"start":{"line":3,"column":21},"end":{"line":3,"column":58}},{"start":{"line":3,"column":21},"end":{"line":3,"column":58}}]},"2":{"loc":{"start":{"line":5,"column":18},"end":{"line":5,"column":88}},"type":"cond-expr","locations":[{"start":{"line":5,"column":31},"end":{"line":5,"column":47}},{"start":{"line":5,"column":51},"end":{"line":5,"column":87}}]},"3":{"loc":{"start":{"line":11,"column":20},"end":{"line":11,"column":60}},"type":"binary-expr","locations":[{"start":{"line":11,"column":20},"end":{"line":11,"column":52}},{"start":{"line":11,"column":56},"end":{"line":11,"column":60}}]}},"s":{"0":1,"1":1,"2":0,"3":0,"4":1,"5":1,"6":1,"7":1,"8":1,"9":13,"10":13,"11":13,"12":1,"13":0,"14":0,"15":1,"16":1,"17":1},"f":{"0":1,"1":1,"2":1,"3":13,"4":0,"5":0},"b":{"0":[1,1,1],"1":[0,0],"2":[0,1],"3":[13,13]},"_coverageSchema":"332fd63041d2c1bcb487cc26dd0d5f7d97098a6c","hash":"6d435116ee7768ffbb7c5d885953394c8d43c4b4","contentHash":"49085661d5a21c729dd697195fd721a9_10.1.2"}}